2025-07-30 16:43:33.687 | DEBUG    | __main__:fuzz_dataset:109 - library difflib has 1 api to be fuzzed
2025-07-30 16:43:33.702 | INFO     | __main__:fuzz_dataset:131 - Fuzz difflib.unified_diff start
2025-07-30 16:43:33.708 | INFO     | __main__:safe_fuzz:74 - Fuzzing process started for difflib
2025-07-30 16:43:33.720 | INFO     | repfuzz.fuzz.fuzz_api:fuzz_api:97 - Start fuzz difflib.unified_diff
2025-07-30 16:43:43.711 | INFO     | __main__:fuzz_dataset:156 - 
Fuzzing process timeout, restarting...
2025-07-30 16:43:43.716 | INFO     | __main__:fuzz_dataset:184 - Fuzz difflib.unified_diff done
2025-07-30 16:43:43.716 | INFO     | __main__:fuzz_dataset:185 - Coverage now: 76
2025-07-30 16:43:43.719 | DEBUG    | __main__:fuzz_dataset:109 - library re has 1 api to be fuzzed
2025-07-30 16:43:43.737 | INFO     | __main__:fuzz_dataset:131 - Fuzz re.purge start
2025-07-30 16:43:43.743 | INFO     | __main__:safe_fuzz:74 - Fuzzing process started for re
2025-07-30 16:43:43.751 | INFO     | __main__:fuzz_dataset:150 - Fuzzing re done
2025-07-30 16:43:43.753 | INFO     | __main__:fuzz_dataset:184 - Fuzz re.purge done
2025-07-30 16:43:43.753 | INFO     | __main__:fuzz_dataset:185 - Coverage now: 76
2025-07-30 16:43:43.756 | DEBUG    | __main__:fuzz_dataset:109 - library locale has 1 api to be fuzzed
2025-07-30 16:43:43.775 | INFO     | __main__:fuzz_dataset:131 - Fuzz locale.normalize start
2025-07-30 16:43:43.782 | INFO     | __main__:safe_fuzz:74 - Fuzzing process started for locale
2025-07-30 16:43:43.792 | INFO     | repfuzz.fuzz.fuzz_api:fuzz_api:97 - Start fuzz locale.normalize
2025-07-30 16:43:43.816 | INFO     | __main__:fuzz_dataset:150 - Fuzzing locale done
2025-07-30 16:43:43.818 | INFO     | __main__:fuzz_dataset:184 - Fuzz locale.normalize done
2025-07-30 16:43:43.818 | INFO     | __main__:fuzz_dataset:185 - Coverage now: 76
2025-07-30 16:43:43.820 | DEBUG    | __main__:fuzz_dataset:109 - library ast has 1 api to be fuzzed
2025-07-30 16:43:43.833 | INFO     | __main__:fuzz_dataset:131 - Fuzz ast.get_source_segment start
2025-07-30 16:43:43.838 | INFO     | __main__:safe_fuzz:74 - Fuzzing process started for ast
2025-07-30 16:43:43.847 | INFO     | repfuzz.fuzz.fuzz_api:fuzz_api:97 - Start fuzz ast.parse
2025-07-30 16:43:43.874 | INFO     | repfuzz.fuzz.fuzz_api:fuzz_api:97 - Start fuzz ast.get_source_segment
2025-07-30 16:43:53.883 | INFO     | __main__:fuzz_dataset:156 - 
Fuzzing process timeout, restarting...
2025-07-30 16:43:53.886 | INFO     | __main__:fuzz_dataset:184 - Fuzz ast.get_source_segment done
2025-07-30 16:43:53.887 | INFO     | __main__:fuzz_dataset:185 - Coverage now: 76
2025-07-30 16:43:53.890 | DEBUG    | __main__:fuzz_dataset:109 - library sklearn has 1 api to be fuzzed
2025-07-30 16:43:53.910 | INFO     | __main__:fuzz_dataset:131 - Fuzz sklearn.feature_extraction.image.img_to_graph start
2025-07-30 16:43:53.916 | INFO     | __main__:safe_fuzz:74 - Fuzzing process started for sklearn
2025-07-30 16:43:55.156 | INFO     | __main__:fuzz_dataset:150 - Fuzzing sklearn done
2025-07-30 16:43:55.179 | INFO     | __main__:fuzz_dataset:184 - Fuzz sklearn.feature_extraction.image.img_to_graph done
2025-07-30 16:43:55.180 | INFO     | __main__:fuzz_dataset:185 - Coverage now: 15649
2025-07-30 16:43:55.183 | DEBUG    | __main__:fuzz_dataset:109 - library inspect has 1 api to be fuzzed
2025-07-30 16:43:55.204 | INFO     | __main__:fuzz_dataset:131 - Fuzz inspect.currentframe start
2025-07-30 16:43:55.210 | INFO     | __main__:safe_fuzz:74 - Fuzzing process started for inspect
2025-07-30 16:43:55.219 | INFO     | __main__:fuzz_dataset:150 - Fuzzing inspect done
2025-07-30 16:43:55.222 | INFO     | __main__:fuzz_dataset:184 - Fuzz inspect.currentframe done
2025-07-30 16:43:55.223 | INFO     | __main__:fuzz_dataset:185 - Coverage now: 15649
2025-07-30 16:43:55.226 | DEBUG    | __main__:fuzz_dataset:109 - library scipy has 2 api to be fuzzed
2025-07-30 16:43:55.243 | INFO     | __main__:fuzz_dataset:131 - Fuzz scipy.spatial.distance.correlation start
2025-07-30 16:43:55.249 | INFO     | __main__:safe_fuzz:74 - Fuzzing process started for scipy
2025-07-30 16:43:55.919 | INFO     | repfuzz.fuzz.static_instrument:wrapper:24 - Coverage increased 25, now: 32500 (F)
2025-07-30 16:43:55.920 | INFO     | repfuzz.fuzz.fuzz_api:fuzz_api:97 - Start fuzz scipy.spatial.distance.correlation
2025-07-30 16:44:05.941 | INFO     | __main__:fuzz_dataset:156 - 
Fuzzing process timeout, restarting...
2025-07-30 16:44:05.943 | INFO     | __main__:fuzz_dataset:184 - Fuzz scipy.spatial.distance.correlation done
2025-07-30 16:44:05.944 | INFO     | __main__:fuzz_dataset:185 - Coverage now: 32500
2025-07-30 16:44:05.965 | INFO     | __main__:fuzz_dataset:131 - Fuzz scipy.spatial.distance.braycurtis start
2025-07-30 16:44:05.971 | INFO     | __main__:safe_fuzz:74 - Fuzzing process started for scipy
2025-07-30 16:44:06.655 | INFO     | repfuzz.fuzz.static_instrument:wrapper:24 - Coverage increased 9, now: 32509 (F)
2025-07-30 16:44:06.656 | INFO     | repfuzz.fuzz.fuzz_api:fuzz_api:97 - Start fuzz scipy.spatial.distance.braycurtis
2025-07-30 16:44:06.663 | INFO     | repfuzz.fuzz.fuzz_api:fuzz_api:130 - Coverage increased 1, now: 32510
2025-07-30 16:44:06.724 | INFO     | __main__:fuzz_dataset:150 - Fuzzing scipy done
2025-07-30 16:44:06.739 | INFO     | __main__:fuzz_dataset:184 - Fuzz scipy.spatial.distance.braycurtis done
2025-07-30 16:44:06.740 | INFO     | __main__:fuzz_dataset:185 - Coverage now: 32510
2025-07-30 16:44:06.743 | DEBUG    | __main__:fuzz_dataset:109 - library dask has 5 api to be fuzzed
2025-07-30 16:44:06.763 | INFO     | __main__:fuzz_dataset:131 - Fuzz dask.config.collect start
2025-07-30 16:44:06.770 | INFO     | __main__:safe_fuzz:74 - Fuzzing process started for dask
2025-07-30 16:44:06.881 | INFO     | repfuzz.fuzz.fuzz_api:fuzz_api:97 - Start fuzz dask.config.collect_yaml
2025-07-30 16:44:06.904 | INFO     | repfuzz.fuzz.fuzz_api:fuzz_api:97 - Start fuzz dask.config.collect_env
2025-07-30 16:44:06.941 | INFO     | repfuzz.fuzz.fuzz_api:fuzz_api:97 - Start fuzz dask.config.update
2025-07-30 16:44:06.962 | INFO     | repfuzz.fuzz.fuzz_api:fuzz_api:97 - Start fuzz dask.config.merge
2025-07-30 16:44:06.992 | INFO     | repfuzz.fuzz.fuzz_api:fuzz_api:97 - Start fuzz dask.config.collect
2025-07-30 16:44:17.007 | INFO     | __main__:fuzz_dataset:156 - 
Fuzzing process timeout, restarting...
2025-07-30 16:44:17.010 | INFO     | __main__:fuzz_dataset:184 - Fuzz dask.config.collect done
2025-07-30 16:44:17.011 | INFO     | __main__:fuzz_dataset:185 - Coverage now: 34271
2025-07-30 16:44:17.032 | INFO     | __main__:fuzz_dataset:131 - Fuzz dask.sizeof.sizeof_memoryview start
2025-07-30 16:44:17.038 | INFO     | __main__:safe_fuzz:74 - Fuzzing process started for dask
2025-07-30 16:44:17.167 | INFO     | repfuzz.fuzz.static_instrument:wrapper:24 - Coverage increased 1, now: 34272 (F)
2025-07-30 16:44:17.168 | INFO     | repfuzz.fuzz.fuzz_api:fuzz_api:97 - Start fuzz dask.sizeof.sizeof_memoryview
2025-07-30 16:44:17.192 | INFO     | __main__:fuzz_dataset:150 - Fuzzing dask done
2025-07-30 16:44:17.195 | INFO     | __main__:fuzz_dataset:184 - Fuzz dask.sizeof.sizeof_memoryview done
2025-07-30 16:44:17.195 | INFO     | __main__:fuzz_dataset:185 - Coverage now: 34272
2025-07-30 16:44:17.213 | INFO     | __main__:fuzz_dataset:131 - Fuzz dask.utils.random_state_data start
2025-07-30 16:44:17.219 | INFO     | __main__:safe_fuzz:74 - Fuzzing process started for dask
2025-07-30 16:44:17.423 | INFO     | repfuzz.fuzz.static_instrument:wrapper:24 - Coverage increased 8, now: 34280 (F)
2025-07-30 16:44:17.424 | INFO     | repfuzz.fuzz.fuzz_api:fuzz_api:97 - Start fuzz dask.utils.random_state_data
2025-07-30 16:44:27.226 | INFO     | __main__:fuzz_dataset:156 - 
Fuzzing process timeout, restarting...
2025-07-30 16:44:27.256 | INFO     | __main__:fuzz_dataset:184 - Fuzz dask.utils.random_state_data done
2025-07-30 16:44:27.257 | INFO     | __main__:fuzz_dataset:185 - Coverage now: 34280
2025-07-30 16:44:27.275 | INFO     | __main__:fuzz_dataset:131 - Fuzz dask.config.serialize start
2025-07-30 16:44:27.279 | INFO     | __main__:safe_fuzz:74 - Fuzzing process started for dask
2025-07-30 16:44:27.389 | INFO     | repfuzz.fuzz.static_instrument:wrapper:24 - Coverage increased 1, now: 34281 (F)
2025-07-30 16:44:27.390 | INFO     | repfuzz.fuzz.fuzz_api:fuzz_api:97 - Start fuzz dask.config.serialize
2025-07-30 16:44:27.410 | INFO     | __main__:fuzz_dataset:150 - Fuzzing dask done
2025-07-30 16:44:27.413 | INFO     | __main__:fuzz_dataset:184 - Fuzz dask.config.serialize done
2025-07-30 16:44:27.414 | INFO     | __main__:fuzz_dataset:185 - Coverage now: 34281
2025-07-30 16:44:27.434 | INFO     | __main__:fuzz_dataset:131 - Fuzz dask.hashing.hash_buffer start
2025-07-30 16:44:27.440 | INFO     | __main__:safe_fuzz:74 - Fuzzing process started for dask
2025-07-30 16:44:27.566 | INFO     | repfuzz.fuzz.static_instrument:wrapper:24 - Coverage increased 2, now: 34283 (F)
2025-07-30 16:44:27.567 | INFO     | repfuzz.fuzz.fuzz_api:fuzz_api:97 - Start fuzz dask.hashing.hash_buffer
2025-07-30 16:44:37.447 | INFO     | __main__:fuzz_dataset:156 - 
Fuzzing process timeout, restarting...
2025-07-30 16:44:37.449 | INFO     | __main__:fuzz_dataset:184 - Fuzz dask.hashing.hash_buffer done
2025-07-30 16:44:37.450 | INFO     | __main__:fuzz_dataset:185 - Coverage now: 34283
2025-07-30 16:44:37.466 | DEBUG    | __main__:fuzz_dataset:109 - library nltk has 12 api to be fuzzed
2025-07-30 16:44:37.534 | INFO     | __main__:fuzz_dataset:131 - Fuzz nltk.chunk.util.conlltags2tree start
2025-07-30 16:44:37.541 | INFO     | __main__:safe_fuzz:74 - Fuzzing process started for nltk
2025-07-30 16:44:39.682 | INFO     | repfuzz.fuzz.static_instrument:wrapper:24 - Coverage increased 20, now: 45399 (F)
2025-07-30 16:44:39.703 | INFO     | repfuzz.fuzz.fuzz_api:fuzz_api:97 - Start fuzz nltk.chunk.util.conlltags2tree
2025-07-30 16:44:47.547 | INFO     | __main__:fuzz_dataset:156 - 
Fuzzing process timeout, restarting...
2025-07-30 16:44:47.552 | INFO     | __main__:fuzz_dataset:184 - Fuzz nltk.chunk.util.conlltags2tree done
2025-07-30 16:44:47.552 | INFO     | __main__:fuzz_dataset:185 - Coverage now: 45399
2025-07-30 16:44:47.574 | INFO     | __main__:fuzz_dataset:131 - Fuzz nltk.metrics.distance.jaro_similarity start
2025-07-30 16:44:47.581 | INFO     | __main__:safe_fuzz:74 - Fuzzing process started for nltk
2025-07-30 16:44:48.795 | INFO     | __main__:fuzz_dataset:150 - Fuzzing nltk done
2025-07-30 16:44:48.818 | INFO     | __main__:fuzz_dataset:184 - Fuzz nltk.metrics.distance.jaro_similarity done
2025-07-30 16:44:48.819 | INFO     | __main__:fuzz_dataset:185 - Coverage now: 45423
2025-07-30 16:44:48.836 | INFO     | __main__:fuzz_dataset:131 - Fuzz nltk.classify.util.wsd_demo start
2025-07-30 16:44:48.842 | INFO     | __main__:safe_fuzz:74 - Fuzzing process started for nltk
2025-07-30 16:44:50.080 | INFO     | __main__:fuzz_dataset:150 - Fuzzing nltk done
2025-07-30 16:44:50.102 | INFO     | __main__:fuzz_dataset:184 - Fuzz nltk.classify.util.wsd_demo done
2025-07-30 16:44:50.103 | INFO     | __main__:fuzz_dataset:185 - Coverage now: 45423
2025-07-30 16:44:50.123 | INFO     | __main__:fuzz_dataset:131 - Fuzz nltk.lm.preprocessing.padded_everygram_pipeline start
2025-07-30 16:44:50.129 | INFO     | __main__:safe_fuzz:74 - Fuzzing process started for nltk
2025-07-30 16:44:51.356 | INFO     | __main__:fuzz_dataset:150 - Fuzzing nltk done
2025-07-30 16:44:51.378 | INFO     | __main__:fuzz_dataset:184 - Fuzz nltk.lm.preprocessing.padded_everygram_pipeline done
2025-07-30 16:44:51.379 | INFO     | __main__:fuzz_dataset:185 - Coverage now: 45423
2025-07-30 16:44:51.398 | INFO     | __main__:fuzz_dataset:131 - Fuzz nltk.data.normalize_resource_name start
2025-07-30 16:44:51.404 | INFO     | __main__:safe_fuzz:74 - Fuzzing process started for nltk
2025-07-30 16:44:52.646 | INFO     | repfuzz.fuzz.static_instrument:wrapper:24 - Coverage increased 11, now: 45434 (F)
2025-07-30 16:44:52.647 | INFO     | repfuzz.fuzz.fuzz_api:fuzz_api:97 - Start fuzz nltk.data.normalize_resource_name
2025-07-30 16:45:01.411 | INFO     | __main__:fuzz_dataset:156 - 
Fuzzing process timeout, restarting...
2025-07-30 16:45:01.416 | INFO     | __main__:fuzz_dataset:184 - Fuzz nltk.data.normalize_resource_name done
2025-07-30 16:45:01.417 | INFO     | __main__:fuzz_dataset:185 - Coverage now: 45434
2025-07-30 16:45:01.437 | INFO     | __main__:fuzz_dataset:131 - Fuzz nltk.chunk.ne_chunker start
2025-07-30 16:45:01.443 | INFO     | __main__:safe_fuzz:74 - Fuzzing process started for nltk
2025-07-30 16:45:02.786 | INFO     | __main__:fuzz_dataset:150 - Fuzzing nltk done
2025-07-30 16:45:02.810 | INFO     | __main__:fuzz_dataset:184 - Fuzz nltk.chunk.ne_chunker done
2025-07-30 16:45:02.810 | INFO     | __main__:fuzz_dataset:185 - Coverage now: 45434
2025-07-30 16:45:02.826 | INFO     | __main__:fuzz_dataset:131 - Fuzz nltk.internals.find_binary_iter start
2025-07-30 16:45:02.833 | INFO     | __main__:safe_fuzz:74 - Fuzzing process started for nltk
2025-07-30 16:45:04.127 | INFO     | repfuzz.fuzz.fuzz_api:fuzz_api:97 - Start fuzz nltk.internals.find_binary_iter
2025-07-30 16:45:12.839 | INFO     | __main__:fuzz_dataset:156 - 
Fuzzing process timeout, restarting...
2025-07-30 16:45:12.844 | INFO     | __main__:fuzz_dataset:184 - Fuzz nltk.internals.find_binary_iter done
2025-07-30 16:45:12.844 | INFO     | __main__:fuzz_dataset:185 - Coverage now: 45434
2025-07-30 16:45:12.866 | INFO     | __main__:fuzz_dataset:131 - Fuzz nltk.tokenize.texttiling.smooth start
2025-07-30 16:45:12.872 | INFO     | __main__:safe_fuzz:74 - Fuzzing process started for nltk
2025-07-30 16:45:14.111 | INFO     | __main__:fuzz_dataset:150 - Fuzzing nltk done
2025-07-30 16:45:14.133 | INFO     | __main__:fuzz_dataset:184 - Fuzz nltk.tokenize.texttiling.smooth done
2025-07-30 16:45:14.134 | INFO     | __main__:fuzz_dataset:185 - Coverage now: 45434
2025-07-30 16:45:14.155 | INFO     | __main__:fuzz_dataset:131 - Fuzz nltk.demo start
2025-07-30 16:45:14.161 | INFO     | __main__:safe_fuzz:74 - Fuzzing process started for nltk
2025-07-30 16:45:15.477 | INFO     | __main__:fuzz_dataset:150 - Fuzzing nltk done
2025-07-30 16:45:15.499 | INFO     | __main__:fuzz_dataset:184 - Fuzz nltk.demo done
2025-07-30 16:45:15.500 | INFO     | __main__:fuzz_dataset:185 - Coverage now: 45434
2025-07-30 16:45:15.521 | INFO     | __main__:fuzz_dataset:131 - Fuzz nltk.parse.nonprojectivedependencyparser.demo start
2025-07-30 16:45:15.526 | INFO     | __main__:safe_fuzz:74 - Fuzzing process started for nltk
2025-07-30 16:45:16.846 | INFO     | __main__:fuzz_dataset:150 - Fuzzing nltk done
2025-07-30 16:45:16.862 | INFO     | __main__:fuzz_dataset:184 - Fuzz nltk.parse.nonprojectivedependencyparser.demo done
2025-07-30 16:45:16.862 | INFO     | __main__:fuzz_dataset:185 - Coverage now: 45434
2025-07-30 16:45:16.883 | INFO     | __main__:fuzz_dataset:131 - Fuzz nltk.classify.util.accuracy start
2025-07-30 16:45:16.889 | INFO     | __main__:safe_fuzz:74 - Fuzzing process started for nltk
2025-07-30 16:45:18.149 | INFO     | __main__:fuzz_dataset:150 - Fuzzing nltk done
2025-07-30 16:45:18.168 | INFO     | __main__:fuzz_dataset:184 - Fuzz nltk.classify.util.accuracy done
2025-07-30 16:45:18.169 | INFO     | __main__:fuzz_dataset:185 - Coverage now: 45436
2025-07-30 16:45:18.189 | INFO     | __main__:fuzz_dataset:131 - Fuzz nltk.inference.resolution.clausify start
2025-07-30 16:45:18.195 | INFO     | __main__:safe_fuzz:74 - Fuzzing process started for nltk
2025-07-30 16:45:19.434 | INFO     | __main__:fuzz_dataset:150 - Fuzzing nltk done
2025-07-30 16:45:19.455 | INFO     | __main__:fuzz_dataset:184 - Fuzz nltk.inference.resolution.clausify done
2025-07-30 16:45:19.455 | INFO     | __main__:fuzz_dataset:185 - Coverage now: 45436
2025-07-30 16:45:19.458 | DEBUG    | __main__:fuzz_dataset:109 - library pandas has 15 api to be fuzzed
2025-07-30 16:45:19.479 | INFO     | __main__:fuzz_dataset:131 - Fuzz pandas.core.arrays.categorical.contains start
2025-07-30 16:45:19.485 | INFO     | __main__:safe_fuzz:74 - Fuzzing process started for pandas
2025-07-30 16:45:20.258 | INFO     | repfuzz.fuzz.static_instrument:wrapper:24 - Coverage increased 2, now: 70204 (F)
2025-07-30 16:45:20.259 | INFO     | repfuzz.fuzz.fuzz_api:fuzz_api:97 - Start fuzz pandas.core.common.convert_to_list_like
2025-07-30 16:45:20.279 | INFO     | repfuzz.fuzz.static_instrument:wrapper:24 - Coverage increased 2, now: 70210 (F)
2025-07-30 16:45:20.280 | INFO     | repfuzz.fuzz.fuzz_api:fuzz_api:97 - Start fuzz pandas.core.construction.extract_array
2025-07-30 16:45:30.291 | INFO     | __main__:fuzz_dataset:156 - 
Fuzzing process timeout, restarting...
2025-07-30 16:45:30.294 | INFO     | __main__:fuzz_dataset:184 - Fuzz pandas.core.arrays.categorical.contains done
2025-07-30 16:45:30.295 | INFO     | __main__:fuzz_dataset:185 - Coverage now: 70210
2025-07-30 16:45:30.316 | INFO     | __main__:fuzz_dataset:131 - Fuzz pandas.core.computation.expressions.where start
2025-07-30 16:45:30.320 | INFO     | __main__:safe_fuzz:74 - Fuzzing process started for pandas
2025-07-30 16:45:31.138 | INFO     | repfuzz.fuzz.static_instrument:wrapper:24 - Coverage increased 3, now: 70213 (F)
2025-07-30 16:45:31.139 | INFO     | repfuzz.fuzz.fuzz_api:fuzz_api:97 - Start fuzz pandas.core.computation.expressions.where
2025-07-30 16:45:41.191 | INFO     | __main__:fuzz_dataset:156 - 
Fuzzing process timeout, restarting...
2025-07-30 16:45:41.194 | INFO     | __main__:fuzz_dataset:184 - Fuzz pandas.core.computation.expressions.where done
2025-07-30 16:45:41.195 | INFO     | __main__:fuzz_dataset:185 - Coverage now: 70213
2025-07-30 16:45:41.217 | INFO     | __main__:fuzz_dataset:131 - Fuzz pandas.io.sql.execute start
2025-07-30 16:45:41.223 | INFO     | __main__:safe_fuzz:74 - Fuzzing process started for pandas
2025-07-30 16:45:42.055 | INFO     | __main__:fuzz_dataset:150 - Fuzzing pandas done
2025-07-30 16:45:42.070 | INFO     | __main__:fuzz_dataset:184 - Fuzz pandas.io.sql.execute done
2025-07-30 16:45:42.071 | INFO     | __main__:fuzz_dataset:185 - Coverage now: 70213
2025-07-30 16:45:42.093 | INFO     | __main__:fuzz_dataset:131 - Fuzz pandas.core.groupby.grouper.get_grouper start
2025-07-30 16:45:42.100 | INFO     | __main__:safe_fuzz:74 - Fuzzing process started for pandas
2025-07-30 16:45:42.869 | INFO     | repfuzz.fuzz.static_instrument:wrapper:24 - Coverage increased 3, now: 70237 (F)
2025-07-30 16:45:42.870 | INFO     | repfuzz.fuzz.fuzz_api:fuzz_api:97 - Start fuzz pandas.core.indexes.base.maybe_extract_name
2025-07-30 16:45:52.887 | INFO     | __main__:fuzz_dataset:156 - 
Fuzzing process timeout, restarting...
2025-07-30 16:45:52.891 | INFO     | __main__:fuzz_dataset:184 - Fuzz pandas.core.groupby.grouper.get_grouper done
2025-07-30 16:45:52.891 | INFO     | __main__:fuzz_dataset:185 - Coverage now: 70237
2025-07-30 16:45:52.910 | INFO     | __main__:fuzz_dataset:131 - Fuzz pandas.io.parsers.readers.read_table start
2025-07-30 16:45:52.916 | INFO     | __main__:safe_fuzz:74 - Fuzzing process started for pandas
2025-07-30 16:45:53.745 | INFO     | repfuzz.fuzz.static_instrument:wrapper:24 - Coverage increased 2, now: 70286 (F)
2025-07-30 16:45:53.746 | INFO     | repfuzz.fuzz.fuzz_api:fuzz_api:97 - Start fuzz pandas.io.parsers.readers.validate_integer
2025-07-30 16:46:03.769 | INFO     | __main__:fuzz_dataset:156 - 
Fuzzing process timeout, restarting...
2025-07-30 16:46:03.772 | INFO     | __main__:fuzz_dataset:184 - Fuzz pandas.io.parsers.readers.read_table done
2025-07-30 16:46:03.772 | INFO     | __main__:fuzz_dataset:185 - Coverage now: 70286
2025-07-30 16:46:03.792 | INFO     | __main__:fuzz_dataset:131 - Fuzz pandas.compat.is_platform_mac start
2025-07-30 16:46:03.798 | INFO     | __main__:safe_fuzz:74 - Fuzzing process started for pandas
2025-07-30 16:46:04.584 | INFO     | __main__:fuzz_dataset:150 - Fuzzing pandas done
2025-07-30 16:46:04.592 | INFO     | __main__:fuzz_dataset:184 - Fuzz pandas.compat.is_platform_mac done
2025-07-30 16:46:04.593 | INFO     | __main__:fuzz_dataset:185 - Coverage now: 70286
2025-07-30 16:46:04.612 | INFO     | __main__:fuzz_dataset:131 - Fuzz pandas.io.formats.format.get_level_lengths start
2025-07-30 16:46:04.619 | INFO     | __main__:safe_fuzz:74 - Fuzzing process started for pandas
2025-07-30 16:46:05.431 | INFO     | repfuzz.fuzz.static_instrument:wrapper:24 - Coverage increased 14, now: 70300 (F)
2025-07-30 16:46:05.432 | INFO     | repfuzz.fuzz.fuzz_api:fuzz_api:97 - Start fuzz pandas.io.formats.format.get_level_lengths
2025-07-30 16:46:14.626 | INFO     | __main__:fuzz_dataset:156 - 
Fuzzing process timeout, restarting...
2025-07-30 16:46:14.630 | INFO     | __main__:fuzz_dataset:184 - Fuzz pandas.io.formats.format.get_level_lengths done
2025-07-30 16:46:14.631 | INFO     | __main__:fuzz_dataset:185 - Coverage now: 70300
2025-07-30 16:46:14.651 | INFO     | __main__:fuzz_dataset:131 - Fuzz pandas.io.common.is_fsspec_url start
2025-07-30 16:46:14.657 | INFO     | __main__:safe_fuzz:74 - Fuzzing process started for pandas
2025-07-30 16:46:15.450 | INFO     | repfuzz.fuzz.static_instrument:wrapper:24 - Coverage increased 4, now: 70304 (F)
2025-07-30 16:46:15.451 | INFO     | repfuzz.fuzz.fuzz_api:fuzz_api:97 - Start fuzz pandas.io.common.is_fsspec_url
2025-07-30 16:46:15.471 | INFO     | __main__:fuzz_dataset:150 - Fuzzing pandas done
2025-07-30 16:46:15.485 | INFO     | __main__:fuzz_dataset:184 - Fuzz pandas.io.common.is_fsspec_url done
2025-07-30 16:46:15.485 | INFO     | __main__:fuzz_dataset:185 - Coverage now: 70304
2025-07-30 16:46:15.503 | INFO     | __main__:fuzz_dataset:131 - Fuzz pandas.core.nanops.nanmedian start
2025-07-30 16:46:15.508 | INFO     | __main__:safe_fuzz:74 - Fuzzing process started for pandas
2025-07-30 16:46:16.377 | INFO     | repfuzz.fuzz.static_instrument:wrapper:24 - Coverage increased 68, now: 70372 (F)
2025-07-30 16:46:16.379 | INFO     | repfuzz.fuzz.fuzz_api:fuzz_api:97 - Start fuzz pandas.core.nanops.nanmedian
2025-07-30 16:46:26.499 | INFO     | __main__:fuzz_dataset:156 - 
Fuzzing process timeout, restarting...
2025-07-30 16:46:26.502 | INFO     | __main__:fuzz_dataset:184 - Fuzz pandas.core.nanops.nanmedian done
2025-07-30 16:46:26.503 | INFO     | __main__:fuzz_dataset:185 - Coverage now: 70372
2025-07-30 16:46:26.522 | INFO     | __main__:fuzz_dataset:131 - Fuzz pandas.core.nanops.reduction start
2025-07-30 16:46:26.529 | INFO     | __main__:safe_fuzz:74 - Fuzzing process started for pandas
2025-07-30 16:46:27.316 | INFO     | __main__:fuzz_dataset:150 - Fuzzing pandas done
2025-07-30 16:46:27.324 | INFO     | __main__:fuzz_dataset:184 - Fuzz pandas.core.nanops.reduction done
2025-07-30 16:46:27.325 | INFO     | __main__:fuzz_dataset:185 - Coverage now: 70372
2025-07-30 16:46:27.344 | INFO     | __main__:fuzz_dataset:131 - Fuzz pandas.core.sorting.lexsort_indexer start
2025-07-30 16:46:27.351 | INFO     | __main__:safe_fuzz:74 - Fuzzing process started for pandas
2025-07-30 16:46:28.174 | INFO     | __main__:fuzz_dataset:150 - Fuzzing pandas done
2025-07-30 16:46:28.183 | INFO     | __main__:fuzz_dataset:184 - Fuzz pandas.core.sorting.lexsort_indexer done
2025-07-30 16:46:28.183 | INFO     | __main__:fuzz_dataset:185 - Coverage now: 70372
2025-07-30 16:46:28.203 | INFO     | __main__:fuzz_dataset:131 - Fuzz pandas.core.reshape.encoding.get_dummies start
2025-07-30 16:46:28.209 | INFO     | __main__:safe_fuzz:74 - Fuzzing process started for pandas
2025-07-30 16:46:29.023 | INFO     | repfuzz.fuzz.fuzz_api:fuzz_api:97 - Start fuzz pandas.core.indexes.base.maybe_extract_name
2025-07-30 16:46:39.035 | INFO     | __main__:fuzz_dataset:156 - 
Fuzzing process timeout, restarting...
2025-07-30 16:46:39.038 | INFO     | __main__:fuzz_dataset:184 - Fuzz pandas.core.reshape.encoding.get_dummies done
2025-07-30 16:46:39.039 | INFO     | __main__:fuzz_dataset:185 - Coverage now: 70385
2025-07-30 16:46:39.059 | INFO     | __main__:fuzz_dataset:131 - Fuzz pandas.core.nanops.get_corr_func start
2025-07-30 16:46:39.064 | INFO     | __main__:safe_fuzz:74 - Fuzzing process started for pandas
2025-07-30 16:46:40.302 | INFO     | repfuzz.fuzz.static_instrument:wrapper:24 - Coverage increased 4, now: 70389 (F)
2025-07-30 16:46:40.304 | INFO     | repfuzz.fuzz.fuzz_api:fuzz_api:97 - Start fuzz pandas.core.nanops.get_corr_func
2025-07-30 16:46:40.369 | INFO     | __main__:fuzz_dataset:150 - Fuzzing pandas done
2025-07-30 16:46:40.388 | INFO     | __main__:fuzz_dataset:184 - Fuzz pandas.core.nanops.get_corr_func done
2025-07-30 16:46:40.389 | INFO     | __main__:fuzz_dataset:185 - Coverage now: 70390
2025-07-30 16:46:40.412 | INFO     | __main__:fuzz_dataset:131 - Fuzz pandas.core.sample.preprocess_weights start
2025-07-30 16:46:40.419 | INFO     | __main__:safe_fuzz:74 - Fuzzing process started for pandas
2025-07-30 16:46:41.239 | INFO     | __main__:fuzz_dataset:150 - Fuzzing pandas done
2025-07-30 16:46:41.254 | INFO     | __main__:fuzz_dataset:184 - Fuzz pandas.core.sample.preprocess_weights done
2025-07-30 16:46:41.255 | INFO     | __main__:fuzz_dataset:185 - Coverage now: 70390
2025-07-30 16:46:41.278 | INFO     | __main__:fuzz_dataset:131 - Fuzz pandas.core.dtypes.cast.find_common_type start
2025-07-30 16:46:41.284 | INFO     | __main__:safe_fuzz:74 - Fuzzing process started for pandas
2025-07-30 16:46:42.061 | INFO     | repfuzz.fuzz.static_instrument:wrapper:24 - Coverage increased 4, now: 70404 (F)
2025-07-30 16:46:42.062 | INFO     | repfuzz.fuzz.fuzz_api:fuzz_api:97 - Start fuzz pandas.core.dtypes.cast.np_find_common_type
2025-07-30 16:46:52.077 | INFO     | __main__:fuzz_dataset:156 - 
Fuzzing process timeout, restarting...
2025-07-30 16:46:52.081 | INFO     | __main__:fuzz_dataset:184 - Fuzz pandas.core.dtypes.cast.find_common_type done
2025-07-30 16:46:52.081 | INFO     | __main__:fuzz_dataset:185 - Coverage now: 70404
2025-07-30 16:46:52.092 | DEBUG    | __main__:fuzz_dataset:109 - library numpy has 17 api to be fuzzed
2025-07-30 16:46:52.172 | INFO     | __main__:fuzz_dataset:131 - Fuzz numpy.f2py.capi_maps.cb_sign2map start
2025-07-30 16:46:52.177 | INFO     | __main__:safe_fuzz:74 - Fuzzing process started for numpy
2025-07-30 16:46:52.496 | INFO     | __main__:fuzz_dataset:150 - Fuzzing numpy done
2025-07-30 16:46:52.500 | INFO     | __main__:fuzz_dataset:184 - Fuzz numpy.f2py.capi_maps.cb_sign2map done
2025-07-30 16:46:52.501 | INFO     | __main__:fuzz_dataset:185 - Coverage now: 78502
2025-07-30 16:46:52.511 | INFO     | __main__:fuzz_dataset:131 - Fuzz numpy.set_printoptions start
2025-07-30 16:46:52.514 | INFO     | __main__:safe_fuzz:74 - Fuzzing process started for numpy
2025-07-30 16:46:52.761 | INFO     | repfuzz.fuzz.static_instrument:wrapper:24 - Coverage increased 27, now: 78529 (F)
2025-07-30 16:46:52.782 | INFO     | repfuzz.fuzz.fuzz_api:fuzz_api:97 - Start fuzz numpy.set_printoptions
2025-07-30 16:47:02.521 | INFO     | __main__:fuzz_dataset:156 - 
Fuzzing process timeout, restarting...
2025-07-30 16:47:02.526 | INFO     | __main__:fuzz_dataset:184 - Fuzz numpy.set_printoptions done
2025-07-30 16:47:02.527 | INFO     | __main__:fuzz_dataset:185 - Coverage now: 78529
2025-07-30 16:47:02.548 | INFO     | __main__:fuzz_dataset:131 - Fuzz numpy.lib.format.read_array_header_2_0 start
2025-07-30 16:47:02.555 | INFO     | __main__:safe_fuzz:74 - Fuzzing process started for numpy
2025-07-30 16:47:02.799 | INFO     | __main__:fuzz_dataset:150 - Fuzzing numpy done
2025-07-30 16:47:02.803 | INFO     | __main__:fuzz_dataset:184 - Fuzz numpy.lib.format.read_array_header_2_0 done
2025-07-30 16:47:02.804 | INFO     | __main__:fuzz_dataset:185 - Coverage now: 78529
2025-07-30 16:47:02.823 | INFO     | __main__:fuzz_dataset:131 - Fuzz numpy.lib.format.dtype_to_descr start
2025-07-30 16:47:02.829 | INFO     | __main__:safe_fuzz:74 - Fuzzing process started for numpy
2025-07-30 16:47:03.063 | INFO     | repfuzz.fuzz.static_instrument:wrapper:24 - Coverage increased 4, now: 78534 (F)
2025-07-30 16:47:03.064 | INFO     | repfuzz.fuzz.fuzz_api:fuzz_api:97 - Start fuzz numpy.lib.format.drop_metadata
2025-07-30 16:47:03.067 | INFO     | repfuzz.fuzz.fuzz_api:fuzz_api:97 - Start fuzz numpy.issubdtype
2025-07-30 16:47:13.079 | INFO     | __main__:fuzz_dataset:156 - 
Fuzzing process timeout, restarting...
2025-07-30 16:47:13.083 | INFO     | __main__:fuzz_dataset:184 - Fuzz numpy.lib.format.dtype_to_descr done
2025-07-30 16:47:13.083 | INFO     | __main__:fuzz_dataset:185 - Coverage now: 78566
2025-07-30 16:47:13.103 | INFO     | __main__:fuzz_dataset:131 - Fuzz numpy.get_printoptions start
2025-07-30 16:47:13.108 | INFO     | __main__:safe_fuzz:74 - Fuzzing process started for numpy
2025-07-30 16:47:13.338 | INFO     | __main__:fuzz_dataset:150 - Fuzzing numpy done
2025-07-30 16:47:13.346 | INFO     | __main__:fuzz_dataset:184 - Fuzz numpy.get_printoptions done
2025-07-30 16:47:13.346 | INFO     | __main__:fuzz_dataset:185 - Coverage now: 78566
2025-07-30 16:47:13.364 | INFO     | __main__:fuzz_dataset:131 - Fuzz numpy.asmatrix start
2025-07-30 16:47:13.371 | INFO     | __main__:safe_fuzz:74 - Fuzzing process started for numpy
2025-07-30 16:47:13.621 | INFO     | repfuzz.fuzz.fuzz_api:fuzz_api:97 - Start fuzz numpy.array
2025-07-30 16:47:13.642 | INFO     | repfuzz.fuzz.static_instrument:wrapper:24 - Coverage increased 16, now: 78582 (F)
2025-07-30 16:47:13.643 | INFO     | repfuzz.fuzz.fuzz_api:fuzz_api:97 - Start fuzz numpy.asmatrix
2025-07-30 16:47:13.645 | INFO     | repfuzz.fuzz.fuzz_api:fuzz_api:97 - Start fuzz numpy.issubdtype
2025-07-30 16:47:23.660 | INFO     | __main__:fuzz_dataset:156 - 
Fuzzing process timeout, restarting...
2025-07-30 16:47:23.664 | INFO     | __main__:fuzz_dataset:184 - Fuzz numpy.asmatrix done
2025-07-30 16:47:23.664 | INFO     | __main__:fuzz_dataset:185 - Coverage now: 78738
2025-07-30 16:47:23.684 | INFO     | __main__:fuzz_dataset:131 - Fuzz numpy.polynomial.chebyshev.chebgrid2d start
2025-07-30 16:47:23.690 | INFO     | __main__:safe_fuzz:74 - Fuzzing process started for numpy
2025-07-30 16:47:23.941 | INFO     | repfuzz.fuzz.fuzz_api:fuzz_api:97 - Start fuzz numpy.array
2025-07-30 16:47:23.963 | INFO     | repfuzz.fuzz.fuzz_api:fuzz_api:97 - Start fuzz numpy.asarray
2025-07-30 16:47:23.982 | INFO     | repfuzz.fuzz.static_instrument:wrapper:24 - Coverage increased 8, now: 78748 (F)
2025-07-30 16:47:23.983 | INFO     | repfuzz.fuzz.fuzz_api:fuzz_api:97 - Start fuzz numpy.polynomial.chebyshev.chebval
2025-07-30 16:47:23.986 | INFO     | repfuzz.fuzz.fuzz_api:fuzz_api:97 - Start fuzz numpy.issubdtype
2025-07-30 16:47:33.997 | INFO     | __main__:fuzz_dataset:156 - 
Fuzzing process timeout, restarting...
2025-07-30 16:47:33.999 | INFO     | __main__:fuzz_dataset:184 - Fuzz numpy.polynomial.chebyshev.chebgrid2d done
2025-07-30 16:47:33.999 | INFO     | __main__:fuzz_dataset:185 - Coverage now: 78748
2025-07-30 16:47:34.021 | INFO     | __main__:fuzz_dataset:131 - Fuzz numpy.f2py.crackfortran.sortvarnames start
2025-07-30 16:47:34.026 | INFO     | __main__:safe_fuzz:74 - Fuzzing process started for numpy
2025-07-30 16:47:34.261 | INFO     | __main__:fuzz_dataset:150 - Fuzzing numpy done
2025-07-30 16:47:34.265 | INFO     | __main__:fuzz_dataset:184 - Fuzz numpy.f2py.crackfortran.sortvarnames done
2025-07-30 16:47:34.266 | INFO     | __main__:fuzz_dataset:185 - Coverage now: 78748
2025-07-30 16:47:34.284 | INFO     | __main__:fuzz_dataset:131 - Fuzz numpy.f2py.func2subr.assubr start
2025-07-30 16:47:34.290 | INFO     | __main__:safe_fuzz:74 - Fuzzing process started for numpy
2025-07-30 16:47:34.517 | INFO     | repfuzz.fuzz.static_instrument:wrapper:24 - Coverage increased 1, now: 78751 (F)
2025-07-30 16:47:34.518 | INFO     | repfuzz.fuzz.fuzz_api:fuzz_api:97 - Start fuzz numpy.f2py.auxfuncs.isintent_c
2025-07-30 16:47:34.544 | INFO     | repfuzz.fuzz.static_instrument:wrapper:24 - Coverage increased 1, now: 78753 (F)
2025-07-30 16:47:34.560 | INFO     | repfuzz.fuzz.fuzz_api:fuzz_api:97 - Start fuzz numpy.f2py.auxfuncs.isfunction
2025-07-30 16:47:34.583 | INFO     | repfuzz.fuzz.static_instrument:wrapper:24 - Coverage increased 1, now: 78757 (F)
2025-07-30 16:47:34.584 | INFO     | repfuzz.fuzz.fuzz_api:fuzz_api:97 - Start fuzz numpy.f2py.auxfuncs.issubroutine
2025-07-30 16:47:34.608 | INFO     | repfuzz.fuzz.static_instrument:wrapper:24 - Coverage increased 10, now: 78758 (F)
2025-07-30 16:47:34.609 | INFO     | repfuzz.fuzz.fuzz_api:fuzz_api:97 - Start fuzz numpy.f2py.func2subr.assubr
2025-07-30 16:47:34.681 | INFO     | __main__:fuzz_dataset:150 - Fuzzing numpy done
2025-07-30 16:47:34.687 | INFO     | __main__:fuzz_dataset:184 - Fuzz numpy.f2py.func2subr.assubr done
2025-07-30 16:47:34.687 | INFO     | __main__:fuzz_dataset:185 - Coverage now: 78758
2025-07-30 16:47:34.706 | INFO     | __main__:fuzz_dataset:131 - Fuzz numpy.ma.core.power start
2025-07-30 16:47:34.712 | INFO     | __main__:safe_fuzz:74 - Fuzzing process started for numpy
2025-07-30 16:47:34.945 | INFO     | repfuzz.fuzz.fuzz_api:fuzz_api:97 - Start fuzz numpy.ma.core.getmask
2025-07-30 16:47:34.964 | INFO     | repfuzz.fuzz.static_instrument:wrapper:24 - Coverage increased 2, now: 78767 (F)
2025-07-30 16:47:34.965 | INFO     | repfuzz.fuzz.fuzz_api:fuzz_api:97 - Start fuzz numpy.ma.core.make_mask
2025-07-30 16:47:44.979 | INFO     | __main__:fuzz_dataset:156 - 
Fuzzing process timeout, restarting...
2025-07-30 16:47:44.982 | INFO     | __main__:fuzz_dataset:184 - Fuzz numpy.ma.core.power done
2025-07-30 16:47:44.983 | INFO     | __main__:fuzz_dataset:185 - Coverage now: 78773
2025-07-30 16:47:45.005 | INFO     | __main__:fuzz_dataset:131 - Fuzz numpy.polynomial.hermite.hermsub start
2025-07-30 16:47:45.014 | INFO     | __main__:safe_fuzz:74 - Fuzzing process started for numpy
2025-07-30 16:47:45.263 | INFO     | repfuzz.fuzz.fuzz_api:fuzz_api:97 - Start fuzz numpy.array
2025-07-30 16:47:45.317 | INFO     | repfuzz.fuzz.static_instrument:wrapper:24 - Coverage increased 2, now: 78783 (F)
2025-07-30 16:47:45.318 | INFO     | repfuzz.fuzz.fuzz_api:fuzz_api:97 - Start fuzz numpy.polynomial.polyutils.trimseq
2025-07-30 16:47:45.321 | INFO     | repfuzz.fuzz.fuzz_api:fuzz_api:97 - Start fuzz numpy.issubdtype
2025-07-30 16:47:55.332 | INFO     | __main__:fuzz_dataset:156 - 
Fuzzing process timeout, restarting...
2025-07-30 16:47:55.336 | INFO     | __main__:fuzz_dataset:184 - Fuzz numpy.polynomial.hermite.hermsub done
2025-07-30 16:47:55.336 | INFO     | __main__:fuzz_dataset:185 - Coverage now: 78783
2025-07-30 16:47:55.359 | INFO     | __main__:fuzz_dataset:131 - Fuzz numpy.lib.format.descr_to_dtype start
2025-07-30 16:47:55.366 | INFO     | __main__:safe_fuzz:74 - Fuzzing process started for numpy
2025-07-30 16:47:55.598 | INFO     | repfuzz.fuzz.static_instrument:wrapper:24 - Coverage increased 1, now: 78795 (F)
2025-07-30 16:47:55.599 | INFO     | repfuzz.fuzz.fuzz_api:fuzz_api:97 - Start fuzz numpy.lib.format.descr_to_dtype
2025-07-30 16:47:55.619 | INFO     | repfuzz.fuzz.static_instrument:wrapper:24 - Coverage increased 11, now: 78805 (F)
2025-07-30 16:47:55.619 | INFO     | repfuzz.fuzz.static_instrument:wrapper:24 - Coverage increased 22, now: 78805 (F)
2025-07-30 16:47:55.619 | INFO     | __main__:fuzz_dataset:150 - Fuzzing numpy done
2025-07-30 16:47:55.623 | INFO     | __main__:fuzz_dataset:184 - Fuzz numpy.lib.format.descr_to_dtype done
2025-07-30 16:47:55.623 | INFO     | __main__:fuzz_dataset:185 - Coverage now: 78805
2025-07-30 16:47:55.639 | INFO     | __main__:fuzz_dataset:131 - Fuzz numpy.strings.title start
2025-07-30 16:47:55.645 | INFO     | __main__:safe_fuzz:74 - Fuzzing process started for numpy
2025-07-30 16:47:55.874 | INFO     | repfuzz.fuzz.fuzz_api:fuzz_api:97 - Start fuzz numpy.array
2025-07-30 16:48:05.652 | INFO     | __main__:fuzz_dataset:156 - 
Fuzzing process timeout, restarting...
2025-07-30 16:48:05.656 | INFO     | __main__:fuzz_dataset:184 - Fuzz numpy.strings.title done
2025-07-30 16:48:05.657 | INFO     | __main__:fuzz_dataset:185 - Coverage now: 78805
2025-07-30 16:48:05.677 | INFO     | __main__:fuzz_dataset:131 - Fuzz numpy.rec.fromrecords start
2025-07-30 16:48:05.683 | INFO     | __main__:safe_fuzz:74 - Fuzzing process started for numpy
2025-07-30 16:48:05.916 | INFO     | repfuzz.fuzz.static_instrument:wrapper:24 - Coverage increased 68, now: 78873 (F)
2025-07-30 16:48:05.917 | INFO     | repfuzz.fuzz.fuzz_api:fuzz_api:97 - Start fuzz numpy.rec.fromrecords
2025-07-30 16:48:15.930 | INFO     | __main__:fuzz_dataset:156 - 
Fuzzing process timeout, restarting...
2025-07-30 16:48:15.934 | INFO     | __main__:fuzz_dataset:184 - Fuzz numpy.rec.fromrecords done
2025-07-30 16:48:15.934 | INFO     | __main__:fuzz_dataset:185 - Coverage now: 78873
2025-07-30 16:48:15.956 | INFO     | __main__:fuzz_dataset:131 - Fuzz numpy.polynomial.laguerre.lagmulx start
2025-07-30 16:48:15.962 | INFO     | __main__:safe_fuzz:74 - Fuzzing process started for numpy
2025-07-30 16:48:16.254 | INFO     | repfuzz.fuzz.fuzz_api:fuzz_api:97 - Start fuzz numpy.array
2025-07-30 16:48:16.317 | INFO     | repfuzz.fuzz.fuzz_api:fuzz_api:97 - Start fuzz numpy.polynomial.polyutils.trimseq
2025-07-30 16:48:16.319 | INFO     | repfuzz.fuzz.fuzz_api:fuzz_api:97 - Start fuzz numpy.issubdtype
2025-07-30 16:48:26.335 | INFO     | __main__:fuzz_dataset:156 - 
Fuzzing process timeout, restarting...
2025-07-30 16:48:26.338 | INFO     | __main__:fuzz_dataset:184 - Fuzz numpy.polynomial.laguerre.lagmulx done
2025-07-30 16:48:26.339 | INFO     | __main__:fuzz_dataset:185 - Coverage now: 78874
2025-07-30 16:48:26.359 | INFO     | __main__:fuzz_dataset:131 - Fuzz numpy.f2py.auxfuncs.getuseblocks start
2025-07-30 16:48:26.365 | INFO     | __main__:safe_fuzz:74 - Fuzzing process started for numpy
2025-07-30 16:48:26.596 | INFO     | repfuzz.fuzz.static_instrument:wrapper:24 - Coverage increased 6, now: 78880 (F)
2025-07-30 16:48:26.597 | INFO     | repfuzz.fuzz.fuzz_api:fuzz_api:97 - Start fuzz numpy.f2py.auxfuncs.getuseblocks
2025-07-30 16:48:26.621 | INFO     | __main__:fuzz_dataset:150 - Fuzzing numpy done
2025-07-30 16:48:26.627 | INFO     | __main__:fuzz_dataset:184 - Fuzz numpy.f2py.auxfuncs.getuseblocks done
2025-07-30 16:48:26.627 | INFO     | __main__:fuzz_dataset:185 - Coverage now: 78880
2025-07-30 16:48:26.642 | INFO     | __main__:fuzz_dataset:131 - Fuzz numpy.seterr start
2025-07-30 16:48:26.648 | INFO     | __main__:safe_fuzz:74 - Fuzzing process started for numpy
2025-07-30 16:48:26.884 | INFO     | repfuzz.fuzz.static_instrument:wrapper:24 - Coverage increased 7, now: 78887 (F)
2025-07-30 16:48:26.885 | INFO     | repfuzz.fuzz.fuzz_api:fuzz_api:97 - Start fuzz numpy.seterr
2025-07-30 16:48:36.655 | INFO     | __main__:fuzz_dataset:156 - 
Fuzzing process timeout, restarting...
2025-07-30 16:48:36.660 | INFO     | __main__:fuzz_dataset:184 - Fuzz numpy.seterr done
2025-07-30 16:48:36.660 | INFO     | __main__:fuzz_dataset:185 - Coverage now: 78887
2025-07-30 16:48:36.668 | DEBUG    | __main__:fuzz_dataset:109 - library torch has 43 api to be fuzzed
2025-07-30 16:48:36.815 | INFO     | __main__:fuzz_dataset:131 - Fuzz torch.autograd.gradcheck.gradgradcheck start
2025-07-30 16:48:36.822 | INFO     | __main__:safe_fuzz:74 - Fuzzing process started for torch
2025-07-30 16:48:38.684 | INFO     | __main__:fuzz_dataset:150 - Fuzzing torch done
2025-07-30 16:48:38.697 | INFO     | __main__:fuzz_dataset:184 - Fuzz torch.autograd.gradcheck.gradgradcheck done
2025-07-30 16:48:38.698 | INFO     | __main__:fuzz_dataset:185 - Coverage now: 116109
2025-07-30 16:48:38.718 | INFO     | __main__:fuzz_dataset:131 - Fuzz torch.nn.modules.module.register_module_forward_hook start
2025-07-30 16:48:38.725 | INFO     | __main__:safe_fuzz:74 - Fuzzing process started for torch
2025-07-30 16:48:40.571 | INFO     | __main__:fuzz_dataset:150 - Fuzzing torch done
2025-07-30 16:48:40.584 | INFO     | __main__:fuzz_dataset:184 - Fuzz torch.nn.modules.module.register_module_forward_hook done
2025-07-30 16:48:40.585 | INFO     | __main__:fuzz_dataset:185 - Coverage now: 116109
2025-07-30 16:48:40.606 | INFO     | __main__:fuzz_dataset:131 - Fuzz torch.cuda.tunable.get_results start
2025-07-30 16:48:40.612 | INFO     | __main__:safe_fuzz:74 - Fuzzing process started for torch
2025-07-30 16:48:42.453 | INFO     | __main__:fuzz_dataset:150 - Fuzzing torch done
2025-07-30 16:48:42.473 | INFO     | __main__:fuzz_dataset:184 - Fuzz torch.cuda.tunable.get_results done
2025-07-30 16:48:42.474 | INFO     | __main__:fuzz_dataset:185 - Coverage now: 116109
2025-07-30 16:48:42.496 | INFO     | __main__:fuzz_dataset:131 - Fuzz torch.fx.experimental.sym_node.sympy_is_channels_last_strides_generic start
2025-07-30 16:48:42.503 | INFO     | __main__:safe_fuzz:74 - Fuzzing process started for torch
2025-07-30 16:48:44.757 | INFO     | repfuzz.fuzz.static_instrument:wrapper:24 - Coverage increased 308, now: 116417 (F)
2025-07-30 16:48:44.770 | INFO     | repfuzz.fuzz.fuzz_api:fuzz_api:97 - Start fuzz torch.fx.experimental.sym_node.sympy_is_channels_last_strides_generic
2025-07-30 16:48:44.773 | INFO     | repfuzz.fuzz.fuzz_api:fuzz_api:130 - Coverage increased 1, now: 116418
2025-07-30 16:48:44.851 | INFO     | __main__:fuzz_dataset:150 - Fuzzing torch done
2025-07-30 16:48:44.870 | INFO     | __main__:fuzz_dataset:184 - Fuzz torch.fx.experimental.sym_node.sympy_is_channels_last_strides_generic done
2025-07-30 16:48:44.871 | INFO     | __main__:fuzz_dataset:185 - Coverage now: 116418
2025-07-30 16:48:44.893 | INFO     | __main__:fuzz_dataset:131 - Fuzz torch.ao.nn.intrinsic.qat.modules.conv_fused.freeze_bn_stats start
2025-07-30 16:48:44.899 | INFO     | __main__:safe_fuzz:74 - Fuzzing process started for torch
2025-07-30 16:48:46.758 | INFO     | __main__:fuzz_dataset:150 - Fuzzing torch done
2025-07-30 16:48:46.771 | INFO     | __main__:fuzz_dataset:184 - Fuzz torch.ao.nn.intrinsic.qat.modules.conv_fused.freeze_bn_stats done
2025-07-30 16:48:46.772 | INFO     | __main__:fuzz_dataset:185 - Coverage now: 116418
2025-07-30 16:48:46.791 | INFO     | __main__:fuzz_dataset:131 - Fuzz torch.miopen_rnn start
2025-07-30 16:48:46.797 | INFO     | __main__:safe_fuzz:74 - Fuzzing process started for torch
2025-07-30 16:48:48.661 | INFO     | __main__:fuzz_dataset:150 - Fuzzing torch done
2025-07-30 16:48:48.674 | INFO     | __main__:fuzz_dataset:184 - Fuzz torch.miopen_rnn done
2025-07-30 16:48:48.674 | INFO     | __main__:fuzz_dataset:185 - Coverage now: 116418
2025-07-30 16:48:48.691 | INFO     | __main__:fuzz_dataset:131 - Fuzz torch.frac start
2025-07-30 16:48:48.697 | INFO     | __main__:safe_fuzz:74 - Fuzzing process started for torch
2025-07-30 16:48:50.652 | INFO     | repfuzz.fuzz.fuzz_api:fuzz_api:97 - Start fuzz torch.tensor
2025-07-30 16:48:50.780 | INFO     | repfuzz.fuzz.fuzz_api:fuzz_api:97 - Start fuzz torch.frac
2025-07-30 16:48:50.783 | INFO     | repfuzz.fuzz.fuzz_api:fuzz_api:89 - torch._jit_internal.is_scripting has no arguments, execute only once.
2025-07-30 16:48:50.786 | INFO     | repfuzz.fuzz.fuzz_api:fuzz_api:89 - torch.is_grad_enabled has no arguments, execute only once.
2025-07-30 16:48:51.117 | INFO     | repfuzz.fuzz.static_instrument:wrapper:24 - Coverage increased 3, now: 116530 (F)
2025-07-30 16:48:51.120 | INFO     | repfuzz.fuzz.fuzz_api:fuzz_api:97 - Start fuzz torch.autograd.forward_ad.unpack_dual
2025-07-30 16:48:51.127 | INFO     | repfuzz.fuzz.fuzz_api:fuzz_api:89 - torch.get_default_dtype has no arguments, execute only once.
2025-07-30 16:48:51.210 | INFO     | repfuzz.fuzz.fuzz_api:fuzz_api:97 - Start fuzz torch.isfinite
2025-07-30 16:48:51.283 | INFO     | repfuzz.fuzz.fuzz_api:fuzz_api:97 - Start fuzz torch.masked_select
2025-07-30 16:48:51.333 | INFO     | repfuzz.fuzz.fuzz_api:fuzz_api:97 - Start fuzz torch.ceil
2025-07-30 16:49:02.891 | INFO     | __main__:fuzz_dataset:156 - 
Fuzzing process timeout, restarting...
2025-07-30 16:49:02.895 | INFO     | __main__:fuzz_dataset:184 - Fuzz torch.frac done
2025-07-30 16:49:02.895 | INFO     | __main__:fuzz_dataset:185 - Coverage now: 116674
2025-07-30 16:49:02.920 | INFO     | __main__:fuzz_dataset:131 - Fuzz torch.clamp_min start
2025-07-30 16:49:02.926 | INFO     | __main__:safe_fuzz:74 - Fuzzing process started for torch
2025-07-30 16:49:04.807 | INFO     | repfuzz.fuzz.fuzz_api:fuzz_api:97 - Start fuzz torch.rand
2025-07-30 16:49:14.891 | INFO     | __main__:fuzz_dataset:156 - 
Fuzzing process timeout, restarting...
2025-07-30 16:49:15.114 | INFO     | __main__:fuzz_dataset:184 - Fuzz torch.clamp_min done
2025-07-30 16:49:15.114 | INFO     | __main__:fuzz_dataset:185 - Coverage now: 116674
2025-07-30 16:49:15.130 | INFO     | __main__:fuzz_dataset:131 - Fuzz torch.nn.functional._threshold start
2025-07-30 16:49:15.134 | INFO     | __main__:safe_fuzz:74 - Fuzzing process started for torch
2025-07-30 16:49:16.952 | INFO     | repfuzz.fuzz.fuzz_api:fuzz_api:97 - Start fuzz torch.tensor
2025-07-30 16:49:17.018 | INFO     | __main__:fuzz_dataset:150 - Fuzzing torch done
2025-07-30 16:49:17.032 | INFO     | __main__:fuzz_dataset:184 - Fuzz torch.nn.functional._threshold done
2025-07-30 16:49:17.033 | INFO     | __main__:fuzz_dataset:185 - Coverage now: 116677
2025-07-30 16:49:17.056 | INFO     | __main__:fuzz_dataset:131 - Fuzz torch.utils.collect_env.run start
2025-07-30 16:49:17.062 | INFO     | __main__:safe_fuzz:74 - Fuzzing process started for torch
2025-07-30 16:49:21.236 | INFO     | repfuzz.fuzz.static_instrument:wrapper:24 - Coverage increased 2, now: 116685 (F)
2025-07-30 16:49:21.238 | INFO     | repfuzz.fuzz.fuzz_api:fuzz_api:89 - torch.utils.collect_env.get_platform has no arguments, execute only once.
2025-07-30 16:49:31.244 | INFO     | __main__:fuzz_dataset:156 - 
Fuzzing process timeout, restarting...
2025-07-30 16:49:31.248 | INFO     | __main__:fuzz_dataset:184 - Fuzz torch.utils.collect_env.run done
2025-07-30 16:49:31.248 | INFO     | __main__:fuzz_dataset:185 - Coverage now: 116687
2025-07-30 16:49:31.268 | INFO     | __main__:fuzz_dataset:131 - Fuzz torch.xpu.is_initialized start
2025-07-30 16:49:31.274 | INFO     | __main__:safe_fuzz:74 - Fuzzing process started for torch
2025-07-30 16:49:33.119 | INFO     | __main__:fuzz_dataset:150 - Fuzzing torch done
2025-07-30 16:49:33.135 | INFO     | __main__:fuzz_dataset:184 - Fuzz torch.xpu.is_initialized done
2025-07-30 16:49:33.136 | INFO     | __main__:fuzz_dataset:185 - Coverage now: 116687
2025-07-30 16:49:33.157 | INFO     | __main__:fuzz_dataset:131 - Fuzz torch.fx.node.map_aggregate start
2025-07-30 16:49:33.163 | INFO     | __main__:safe_fuzz:74 - Fuzzing process started for torch
2025-07-30 16:49:34.991 | INFO     | __main__:fuzz_dataset:150 - Fuzzing torch done
2025-07-30 16:49:35.004 | INFO     | __main__:fuzz_dataset:184 - Fuzz torch.fx.node.map_aggregate done
2025-07-30 16:49:35.005 | INFO     | __main__:fuzz_dataset:185 - Coverage now: 116687
2025-07-30 16:49:35.027 | INFO     | __main__:fuzz_dataset:131 - Fuzz torch.set_autocast_ipu_enabled start
2025-07-30 16:49:35.033 | INFO     | __main__:safe_fuzz:74 - Fuzzing process started for torch
2025-07-30 16:49:36.906 | INFO     | __main__:fuzz_dataset:150 - Fuzzing torch done
2025-07-30 16:49:36.919 | INFO     | __main__:fuzz_dataset:184 - Fuzz torch.set_autocast_ipu_enabled done
2025-07-30 16:49:36.920 | INFO     | __main__:fuzz_dataset:185 - Coverage now: 116687
2025-07-30 16:49:36.936 | INFO     | __main__:fuzz_dataset:131 - Fuzz torch.feature_dropout_ start
2025-07-30 16:49:36.941 | INFO     | __main__:safe_fuzz:74 - Fuzzing process started for torch
2025-07-30 16:49:38.854 | INFO     | repfuzz.fuzz.fuzz_api:fuzz_api:97 - Start fuzz torch.rand
2025-07-30 16:49:54.215 | INFO     | __main__:fuzz_dataset:156 - 
Fuzzing process timeout, restarting...
2025-07-30 16:49:54.422 | INFO     | __main__:fuzz_dataset:184 - Fuzz torch.feature_dropout_ done
2025-07-30 16:49:54.423 | INFO     | __main__:fuzz_dataset:185 - Coverage now: 116687
2025-07-30 16:49:54.444 | INFO     | __main__:fuzz_dataset:131 - Fuzz torch.mode start
2025-07-30 16:49:54.451 | INFO     | __main__:safe_fuzz:74 - Fuzzing process started for torch
2025-07-30 16:49:56.314 | INFO     | repfuzz.fuzz.fuzz_api:fuzz_api:97 - Start fuzz torch.zeros
2025-07-30 16:50:33.244 | INFO     | repfuzz.fuzz.fuzz_api:fuzz_api:97 - Start fuzz torch.mode
2025-07-30 16:50:33.246 | INFO     | repfuzz.fuzz.fuzz_api:fuzz_api:89 - torch._jit_internal.is_scripting has no arguments, execute only once.
2025-07-30 16:50:33.248 | INFO     | repfuzz.fuzz.fuzz_api:fuzz_api:89 - torch.is_grad_enabled has no arguments, execute only once.
2025-07-30 16:50:33.255 | INFO     | repfuzz.fuzz.fuzz_api:fuzz_api:97 - Start fuzz torch.autograd.forward_ad.unpack_dual
2025-07-30 16:50:33.258 | INFO     | repfuzz.fuzz.fuzz_api:fuzz_api:89 - torch.get_default_dtype has no arguments, execute only once.
2025-07-30 16:50:33.260 | INFO     | repfuzz.fuzz.fuzz_api:fuzz_api:97 - Start fuzz torch.isfinite
2025-07-30 16:50:33.263 | INFO     | repfuzz.fuzz.fuzz_api:fuzz_api:97 - Start fuzz torch.masked_select
2025-07-30 16:50:37.246 | INFO     | __main__:fuzz_dataset:150 - Fuzzing torch done
2025-07-30 16:50:37.269 | INFO     | __main__:fuzz_dataset:184 - Fuzz torch.mode done
2025-07-30 16:50:37.269 | INFO     | __main__:fuzz_dataset:185 - Coverage now: 116695
2025-07-30 16:50:37.291 | INFO     | __main__:fuzz_dataset:131 - Fuzz torch.ao.quantization.pt2e.export_utils._move_exported_model_to_train start
2025-07-30 16:50:37.297 | INFO     | __main__:safe_fuzz:74 - Fuzzing process started for torch
2025-07-30 16:50:39.117 | INFO     | __main__:fuzz_dataset:150 - Fuzzing torch done
2025-07-30 16:50:39.140 | INFO     | __main__:fuzz_dataset:184 - Fuzz torch.ao.quantization.pt2e.export_utils._move_exported_model_to_train done
2025-07-30 16:50:39.140 | INFO     | __main__:fuzz_dataset:185 - Coverage now: 116695
2025-07-30 16:50:39.160 | INFO     | __main__:fuzz_dataset:131 - Fuzz torch.fx.experimental.proxy_tensor.maybe_handle_decomp start
2025-07-30 16:50:39.167 | INFO     | __main__:safe_fuzz:74 - Fuzzing process started for torch
2025-07-30 16:50:41.018 | INFO     | __main__:fuzz_dataset:150 - Fuzzing torch done
2025-07-30 16:50:41.033 | INFO     | __main__:fuzz_dataset:184 - Fuzz torch.fx.experimental.proxy_tensor.maybe_handle_decomp done
2025-07-30 16:50:41.034 | INFO     | __main__:fuzz_dataset:185 - Coverage now: 116695
2025-07-30 16:50:41.058 | INFO     | __main__:fuzz_dataset:131 - Fuzz torch.argmax start
2025-07-30 16:50:41.065 | INFO     | __main__:safe_fuzz:74 - Fuzzing process started for torch
2025-07-30 16:50:42.905 | INFO     | repfuzz.fuzz.fuzz_api:fuzz_api:97 - Start fuzz torch.randn
2025-07-30 16:50:52.919 | INFO     | __main__:fuzz_dataset:156 - 
Fuzzing process timeout, restarting...
2025-07-30 16:50:53.150 | INFO     | __main__:fuzz_dataset:184 - Fuzz torch.argmax done
2025-07-30 16:50:53.151 | INFO     | __main__:fuzz_dataset:185 - Coverage now: 116695
2025-07-30 16:50:53.173 | INFO     | __main__:fuzz_dataset:131 - Fuzz torch.utils.set_module start
2025-07-30 16:50:53.180 | INFO     | __main__:safe_fuzz:74 - Fuzzing process started for torch
2025-07-30 16:50:55.003 | INFO     | repfuzz.fuzz.fuzz_api:fuzz_api:97 - Start fuzz torch.empty
2025-07-30 16:50:55.040 | INFO     | repfuzz.fuzz.static_instrument:wrapper:24 - Coverage increased 11, now: 116800 (F)
2025-07-30 16:50:55.042 | INFO     | repfuzz.fuzz.fuzz_api:fuzz_api:97 - Start fuzz torch.nn.init.calculate_gain
2025-07-30 16:51:05.050 | INFO     | __main__:fuzz_dataset:156 - 
Fuzzing process timeout, restarting...
2025-07-30 16:51:05.054 | INFO     | __main__:fuzz_dataset:184 - Fuzz torch.utils.set_module done
2025-07-30 16:51:05.055 | INFO     | __main__:fuzz_dataset:185 - Coverage now: 116800
2025-07-30 16:51:05.077 | INFO     | __main__:fuzz_dataset:131 - Fuzz torch.ao.quantization.quantization_mappings.get_embedding_static_quant_module_mappings start
2025-07-30 16:51:05.083 | INFO     | __main__:safe_fuzz:74 - Fuzzing process started for torch
2025-07-30 16:51:06.912 | INFO     | __main__:fuzz_dataset:150 - Fuzzing torch done
2025-07-30 16:51:06.926 | INFO     | __main__:fuzz_dataset:184 - Fuzz torch.ao.quantization.quantization_mappings.get_embedding_static_quant_module_mappings done
2025-07-30 16:51:06.927 | INFO     | __main__:fuzz_dataset:185 - Coverage now: 116800
2025-07-30 16:51:06.947 | INFO     | __main__:fuzz_dataset:131 - Fuzz torch.utils.backend_registration.generate_methods_for_privateuse1_backend start
2025-07-30 16:51:06.953 | INFO     | __main__:safe_fuzz:74 - Fuzzing process started for torch
2025-07-30 16:51:08.776 | INFO     | repfuzz.fuzz.static_instrument:wrapper:24 - Coverage increased 27, now: 116827 (F)
2025-07-30 16:51:08.777 | INFO     | repfuzz.fuzz.fuzz_api:fuzz_api:97 - Start fuzz torch.utils.backend_registration.generate_methods_for_privateuse1_backend
2025-07-30 16:51:08.779 | INFO     | repfuzz.fuzz.fuzz_api:fuzz_api:130 - Coverage increased 1, now: 116828
2025-07-30 16:51:08.791 | INFO     | repfuzz.fuzz.fuzz_api:fuzz_api:130 - Coverage increased 6, now: 116834
2025-07-30 16:51:08.880 | INFO     | __main__:fuzz_dataset:150 - Fuzzing torch done
2025-07-30 16:51:08.899 | INFO     | __main__:fuzz_dataset:184 - Fuzz torch.utils.backend_registration.generate_methods_for_privateuse1_backend done
2025-07-30 16:51:08.899 | INFO     | __main__:fuzz_dataset:185 - Coverage now: 116834
2025-07-30 16:51:08.926 | INFO     | __main__:fuzz_dataset:131 - Fuzz torch.nanmedian start
2025-07-30 16:51:08.932 | INFO     | __main__:safe_fuzz:74 - Fuzzing process started for torch
2025-07-30 16:51:10.740 | INFO     | repfuzz.fuzz.fuzz_api:fuzz_api:97 - Start fuzz torch.tensor
2025-07-30 16:51:10.792 | INFO     | repfuzz.fuzz.fuzz_api:fuzz_api:97 - Start fuzz torch.nanmedian
2025-07-30 16:51:10.794 | INFO     | repfuzz.fuzz.fuzz_api:fuzz_api:89 - torch._jit_internal.is_scripting has no arguments, execute only once.
2025-07-30 16:51:10.795 | INFO     | repfuzz.fuzz.fuzz_api:fuzz_api:89 - torch.is_grad_enabled has no arguments, execute only once.
2025-07-30 16:51:10.833 | INFO     | repfuzz.fuzz.fuzz_api:fuzz_api:97 - Start fuzz torch.autograd.forward_ad.unpack_dual
2025-07-30 16:51:10.835 | INFO     | repfuzz.fuzz.fuzz_api:fuzz_api:89 - torch.get_default_dtype has no arguments, execute only once.
2025-07-30 16:51:15.204 | INFO     | __main__:fuzz_dataset:150 - Fuzzing torch done
2025-07-30 16:51:15.228 | INFO     | __main__:fuzz_dataset:184 - Fuzz torch.nanmedian done
2025-07-30 16:51:15.229 | INFO     | __main__:fuzz_dataset:185 - Coverage now: 116834
2025-07-30 16:51:15.253 | INFO     | __main__:fuzz_dataset:131 - Fuzz torch.slice_inverse start
2025-07-30 16:51:15.260 | INFO     | __main__:safe_fuzz:74 - Fuzzing process started for torch
2025-07-30 16:51:17.114 | INFO     | repfuzz.fuzz.fuzz_api:fuzz_api:97 - Start fuzz torch.slice_inverse
2025-07-30 16:51:17.117 | INFO     | repfuzz.fuzz.fuzz_api:fuzz_api:89 - torch._jit_internal.is_scripting has no arguments, execute only once.
2025-07-30 16:51:17.118 | INFO     | repfuzz.fuzz.fuzz_api:fuzz_api:89 - torch.is_grad_enabled has no arguments, execute only once.
2025-07-30 16:51:17.160 | INFO     | repfuzz.fuzz.fuzz_api:fuzz_api:97 - Start fuzz torch.autograd.forward_ad.unpack_dual
2025-07-30 16:51:17.162 | INFO     | repfuzz.fuzz.fuzz_api:fuzz_api:89 - torch.get_default_dtype has no arguments, execute only once.
2025-07-30 16:51:17.164 | INFO     | repfuzz.fuzz.fuzz_api:fuzz_api:97 - Start fuzz torch.isfinite
2025-07-30 16:51:17.167 | INFO     | repfuzz.fuzz.fuzz_api:fuzz_api:97 - Start fuzz torch.masked_select
2025-07-30 16:51:17.173 | INFO     | repfuzz.fuzz.fuzz_api:fuzz_api:97 - Start fuzz torch.ceil
2025-07-30 16:51:22.698 | INFO     | __main__:fuzz_dataset:150 - Fuzzing torch done
2025-07-30 16:51:22.724 | INFO     | __main__:fuzz_dataset:184 - Fuzz torch.slice_inverse done
2025-07-30 16:51:22.724 | INFO     | __main__:fuzz_dataset:185 - Coverage now: 116840
2025-07-30 16:51:22.742 | INFO     | __main__:fuzz_dataset:131 - Fuzz torch.as_strided_ start
2025-07-30 16:51:22.749 | INFO     | __main__:safe_fuzz:74 - Fuzzing process started for torch
2025-07-30 16:51:24.557 | INFO     | repfuzz.fuzz.fuzz_api:fuzz_api:97 - Start fuzz torch.tensor
2025-07-30 16:51:24.595 | INFO     | repfuzz.fuzz.fuzz_api:fuzz_api:97 - Start fuzz torch.as_strided_
2025-07-30 16:51:24.596 | INFO     | repfuzz.fuzz.fuzz_api:fuzz_api:89 - torch._jit_internal.is_scripting has no arguments, execute only once.
2025-07-30 16:51:24.598 | INFO     | repfuzz.fuzz.fuzz_api:fuzz_api:89 - torch.is_grad_enabled has no arguments, execute only once.
2025-07-30 16:51:24.629 | INFO     | repfuzz.fuzz.fuzz_api:fuzz_api:97 - Start fuzz torch.autograd.forward_ad.unpack_dual
2025-07-30 16:51:24.631 | INFO     | repfuzz.fuzz.fuzz_api:fuzz_api:89 - torch.get_default_dtype has no arguments, execute only once.
2025-07-30 16:51:26.578 | INFO     | __main__:fuzz_dataset:150 - Fuzzing torch done
2025-07-30 16:51:26.600 | INFO     | __main__:fuzz_dataset:184 - Fuzz torch.as_strided_ done
2025-07-30 16:51:26.601 | INFO     | __main__:fuzz_dataset:185 - Coverage now: 116840
2025-07-30 16:51:26.624 | INFO     | __main__:fuzz_dataset:131 - Fuzz torch.nn.utils.parametrize.cached start
2025-07-30 16:51:26.631 | INFO     | __main__:safe_fuzz:74 - Fuzzing process started for torch
2025-07-30 16:51:28.492 | INFO     | __main__:fuzz_dataset:150 - Fuzzing torch done
2025-07-30 16:51:28.509 | INFO     | __main__:fuzz_dataset:184 - Fuzz torch.nn.utils.parametrize.cached done
2025-07-30 16:51:28.510 | INFO     | __main__:fuzz_dataset:185 - Coverage now: 116840
2025-07-30 16:51:28.533 | INFO     | __main__:fuzz_dataset:131 - Fuzz torch.utils.data.graph_settings.apply_random_seed start
2025-07-30 16:51:28.540 | INFO     | __main__:safe_fuzz:74 - Fuzzing process started for torch
2025-07-30 16:51:30.414 | INFO     | repfuzz.fuzz.static_instrument:wrapper:24 - Coverage increased 8, now: 116899 (F)
2025-07-30 16:51:30.415 | INFO     | repfuzz.fuzz.fuzz_api:fuzz_api:97 - Start fuzz torch.utils.data.graph_settings.get_all_graph_pipes
2025-07-30 16:51:30.557 | INFO     | repfuzz.fuzz.static_instrument:wrapper:24 - Coverage increased 76, now: 116916 (F)
2025-07-30 16:51:30.558 | INFO     | repfuzz.fuzz.fuzz_api:fuzz_api:97 - Start fuzz torch.utils.data.graph_settings.apply_random_seed
2025-07-30 16:51:30.560 | INFO     | repfuzz.fuzz.fuzz_api:fuzz_api:89 - torch._jit_internal.is_scripting has no arguments, execute only once.
2025-07-30 16:51:30.561 | INFO     | repfuzz.fuzz.fuzz_api:fuzz_api:89 - torch.is_grad_enabled has no arguments, execute only once.
2025-07-30 16:51:40.571 | INFO     | __main__:fuzz_dataset:156 - 
Fuzzing process timeout, restarting...
2025-07-30 16:51:40.575 | INFO     | __main__:fuzz_dataset:184 - Fuzz torch.utils.data.graph_settings.apply_random_seed done
2025-07-30 16:51:40.576 | INFO     | __main__:fuzz_dataset:185 - Coverage now: 116917
2025-07-30 16:51:40.602 | INFO     | __main__:fuzz_dataset:131 - Fuzz torch.max_pool2d start
2025-07-30 16:51:40.609 | INFO     | __main__:safe_fuzz:74 - Fuzzing process started for torch
2025-07-30 16:51:42.511 | INFO     | repfuzz.fuzz.fuzz_api:fuzz_api:97 - Start fuzz torch.randn
2025-07-30 16:51:52.529 | INFO     | __main__:fuzz_dataset:156 - 
Fuzzing process timeout, restarting...
2025-07-30 16:51:52.787 | INFO     | __main__:fuzz_dataset:184 - Fuzz torch.max_pool2d done
2025-07-30 16:51:52.788 | INFO     | __main__:fuzz_dataset:185 - Coverage now: 116917
2025-07-30 16:51:52.810 | INFO     | __main__:fuzz_dataset:131 - Fuzz torch.utils.collect_env.get_cudnn_version start
2025-07-30 16:51:52.816 | INFO     | __main__:safe_fuzz:74 - Fuzzing process started for torch
2025-07-30 16:51:54.674 | INFO     | repfuzz.fuzz.fuzz_api:fuzz_api:89 - torch.utils.collect_env.get_platform has no arguments, execute only once.
2025-07-30 16:51:54.674 | INFO     | repfuzz.fuzz.static_instrument:wrapper:24 - Coverage increased 10, now: 116927 (F)
2025-07-30 16:51:54.675 | INFO     | repfuzz.fuzz.fuzz_api:fuzz_api:97 - Start fuzz torch.utils.collect_env.get_cudnn_version
2025-07-30 16:51:54.718 | INFO     | __main__:fuzz_dataset:150 - Fuzzing torch done
2025-07-30 16:51:54.739 | INFO     | __main__:fuzz_dataset:184 - Fuzz torch.utils.collect_env.get_cudnn_version done
2025-07-30 16:51:54.739 | INFO     | __main__:fuzz_dataset:185 - Coverage now: 116927
2025-07-30 16:51:54.763 | INFO     | __main__:fuzz_dataset:131 - Fuzz torch.ao.quantization.utils.validate_qmin_qmax start
2025-07-30 16:51:54.771 | INFO     | __main__:safe_fuzz:74 - Fuzzing process started for torch
2025-07-30 16:51:56.617 | INFO     | repfuzz.fuzz.static_instrument:wrapper:24 - Coverage increased 2, now: 116929 (F)
2025-07-30 16:51:56.618 | INFO     | repfuzz.fuzz.fuzz_api:fuzz_api:97 - Start fuzz torch.ao.quantization.utils.validate_qmin_qmax
2025-07-30 16:51:56.623 | INFO     | repfuzz.fuzz.fuzz_api:fuzz_api:130 - Coverage increased 2, now: 116931
2025-07-30 16:51:56.708 | INFO     | repfuzz.fuzz.static_instrument:wrapper:24 - Coverage increased 4, now: 116931 (F)
2025-07-30 16:51:56.708 | INFO     | __main__:fuzz_dataset:150 - Fuzzing torch done
2025-07-30 16:51:56.726 | INFO     | __main__:fuzz_dataset:184 - Fuzz torch.ao.quantization.utils.validate_qmin_qmax done
2025-07-30 16:51:56.727 | INFO     | __main__:fuzz_dataset:185 - Coverage now: 116931
2025-07-30 16:51:56.747 | INFO     | __main__:fuzz_dataset:131 - Fuzz torch.cuda.profiler.init start
2025-07-30 16:51:56.753 | INFO     | __main__:safe_fuzz:74 - Fuzzing process started for torch
2025-07-30 16:51:58.592 | INFO     | __main__:fuzz_dataset:150 - Fuzzing torch done
2025-07-30 16:51:58.609 | INFO     | __main__:fuzz_dataset:184 - Fuzz torch.cuda.profiler.init done
2025-07-30 16:51:58.609 | INFO     | __main__:fuzz_dataset:185 - Coverage now: 116931
2025-07-30 16:51:58.630 | INFO     | __main__:fuzz_dataset:131 - Fuzz torch.nn.init.kaiming_uniform_ start
2025-07-30 16:51:58.637 | INFO     | __main__:safe_fuzz:74 - Fuzzing process started for torch
2025-07-30 16:52:00.463 | INFO     | repfuzz.fuzz.fuzz_api:fuzz_api:97 - Start fuzz torch.empty
2025-07-30 16:52:00.548 | INFO     | repfuzz.fuzz.static_instrument:wrapper:24 - Coverage increased 1, now: 116932 (F)
2025-07-30 16:52:00.549 | INFO     | repfuzz.fuzz.fuzz_api:fuzz_api:97 - Start fuzz torch.nn.init.calculate_gain
2025-07-30 16:52:10.558 | INFO     | __main__:fuzz_dataset:156 - 
Fuzzing process timeout, restarting...
2025-07-30 16:52:10.561 | INFO     | __main__:fuzz_dataset:184 - Fuzz torch.nn.init.kaiming_uniform_ done
2025-07-30 16:52:10.562 | INFO     | __main__:fuzz_dataset:185 - Coverage now: 116932
2025-07-30 16:52:10.583 | INFO     | __main__:fuzz_dataset:131 - Fuzz torch.backends.cudnn.set_flags start
2025-07-30 16:52:10.589 | INFO     | __main__:safe_fuzz:74 - Fuzzing process started for torch
2025-07-30 16:52:12.427 | INFO     | repfuzz.fuzz.static_instrument:wrapper:24 - Coverage increased 15, now: 116947 (F)
2025-07-30 16:52:12.428 | INFO     | repfuzz.fuzz.fuzz_api:fuzz_api:97 - Start fuzz torch.backends.cudnn.set_flags
2025-07-30 16:52:12.550 | INFO     | __main__:fuzz_dataset:150 - Fuzzing torch done
2025-07-30 16:52:12.568 | INFO     | __main__:fuzz_dataset:184 - Fuzz torch.backends.cudnn.set_flags done
2025-07-30 16:52:12.569 | INFO     | __main__:fuzz_dataset:185 - Coverage now: 116947
2025-07-30 16:52:12.593 | INFO     | __main__:fuzz_dataset:131 - Fuzz torch.as_tensor start
2025-07-30 16:52:12.601 | INFO     | __main__:safe_fuzz:74 - Fuzzing process started for torch
2025-07-30 16:52:14.488 | INFO     | repfuzz.fuzz.fuzz_api:fuzz_api:97 - Start fuzz torch.as_tensor
2025-07-30 16:52:24.502 | INFO     | __main__:fuzz_dataset:156 - 
Fuzzing process timeout, restarting...
2025-07-30 16:52:24.506 | INFO     | __main__:fuzz_dataset:184 - Fuzz torch.as_tensor done
2025-07-30 16:52:24.506 | INFO     | __main__:fuzz_dataset:185 - Coverage now: 116947
2025-07-30 16:52:24.533 | INFO     | __main__:fuzz_dataset:131 - Fuzz torch.autograd.functional.jacobian start
2025-07-30 16:52:24.540 | INFO     | __main__:safe_fuzz:74 - Fuzzing process started for torch
2025-07-30 16:52:26.398 | INFO     | repfuzz.fuzz.fuzz_api:fuzz_api:97 - Start fuzz torch.rand
2025-07-30 16:52:36.433 | INFO     | __main__:fuzz_dataset:156 - 
Fuzzing process timeout, restarting...
2025-07-30 16:52:36.608 | INFO     | __main__:fuzz_dataset:184 - Fuzz torch.autograd.functional.jacobian done
2025-07-30 16:52:36.608 | INFO     | __main__:fuzz_dataset:185 - Coverage now: 116947
2025-07-30 16:52:36.633 | INFO     | __main__:fuzz_dataset:131 - Fuzz torch.orgqr start
2025-07-30 16:52:36.640 | INFO     | __main__:safe_fuzz:74 - Fuzzing process started for torch
2025-07-30 16:52:38.501 | INFO     | __main__:fuzz_dataset:150 - Fuzzing torch done
2025-07-30 16:52:38.518 | INFO     | __main__:fuzz_dataset:184 - Fuzz torch.orgqr done
2025-07-30 16:52:38.519 | INFO     | __main__:fuzz_dataset:185 - Coverage now: 116947
2025-07-30 16:52:38.545 | INFO     | __main__:fuzz_dataset:131 - Fuzz torch.fx.experimental.proxy_tensor.thunkify start
2025-07-30 16:52:38.551 | INFO     | __main__:safe_fuzz:74 - Fuzzing process started for torch
2025-07-30 16:52:40.373 | INFO     | __main__:fuzz_dataset:150 - Fuzzing torch done
2025-07-30 16:52:40.386 | INFO     | __main__:fuzz_dataset:184 - Fuzz torch.fx.experimental.proxy_tensor.thunkify done
2025-07-30 16:52:40.387 | INFO     | __main__:fuzz_dataset:185 - Coverage now: 116947
2025-07-30 16:52:40.413 | INFO     | __main__:fuzz_dataset:131 - Fuzz torch.jit.export_opnames start
2025-07-30 16:52:40.420 | INFO     | __main__:safe_fuzz:74 - Fuzzing process started for torch
2025-07-30 16:52:42.273 | INFO     | repfuzz.fuzz.fuzz_api:fuzz_api:97 - Start fuzz torch.empty
2025-07-30 16:52:42.312 | INFO     | repfuzz.fuzz.fuzz_api:fuzz_api:97 - Start fuzz torch.nn.init.calculate_gain
2025-07-30 16:52:52.323 | INFO     | __main__:fuzz_dataset:156 - 
Fuzzing process timeout, restarting...
2025-07-30 16:52:52.325 | INFO     | __main__:fuzz_dataset:184 - Fuzz torch.jit.export_opnames done
2025-07-30 16:52:52.325 | INFO     | __main__:fuzz_dataset:185 - Coverage now: 116947
2025-07-30 16:52:52.340 | INFO     | __main__:fuzz_dataset:131 - Fuzz torch.bitwise_left_shift start
2025-07-30 16:52:52.346 | INFO     | __main__:safe_fuzz:74 - Fuzzing process started for torch
2025-07-30 16:52:54.204 | INFO     | repfuzz.fuzz.fuzz_api:fuzz_api:97 - Start fuzz torch.tensor
2025-07-30 16:52:54.319 | INFO     | repfuzz.fuzz.fuzz_api:fuzz_api:97 - Start fuzz torch.bitwise_left_shift
2025-07-30 16:52:54.322 | INFO     | repfuzz.fuzz.fuzz_api:fuzz_api:89 - torch._jit_internal.is_scripting has no arguments, execute only once.
2025-07-30 16:52:54.325 | INFO     | repfuzz.fuzz.fuzz_api:fuzz_api:89 - torch.is_grad_enabled has no arguments, execute only once.
2025-07-30 16:52:54.337 | INFO     | repfuzz.fuzz.fuzz_api:fuzz_api:97 - Start fuzz torch.autograd.forward_ad.unpack_dual
2025-07-30 16:52:54.339 | INFO     | repfuzz.fuzz.fuzz_api:fuzz_api:89 - torch.get_default_dtype has no arguments, execute only once.
2025-07-30 16:52:55.948 | INFO     | __main__:fuzz_dataset:150 - Fuzzing torch done
2025-07-30 16:52:55.965 | INFO     | __main__:fuzz_dataset:184 - Fuzz torch.bitwise_left_shift done
2025-07-30 16:52:55.966 | INFO     | __main__:fuzz_dataset:185 - Coverage now: 116952
2025-07-30 16:52:55.988 | INFO     | __main__:fuzz_dataset:131 - Fuzz torch.not_equal start
2025-07-30 16:52:55.995 | INFO     | __main__:safe_fuzz:74 - Fuzzing process started for torch
2025-07-30 16:52:57.823 | INFO     | repfuzz.fuzz.fuzz_api:fuzz_api:97 - Start fuzz torch.tensor
2025-07-30 16:52:57.879 | INFO     | repfuzz.fuzz.fuzz_api:fuzz_api:97 - Start fuzz torch.not_equal
2025-07-30 16:52:57.881 | INFO     | repfuzz.fuzz.fuzz_api:fuzz_api:89 - torch._jit_internal.is_scripting has no arguments, execute only once.
2025-07-30 16:52:57.882 | INFO     | repfuzz.fuzz.fuzz_api:fuzz_api:89 - torch.is_grad_enabled has no arguments, execute only once.
2025-07-30 16:52:57.887 | INFO     | repfuzz.fuzz.fuzz_api:fuzz_api:97 - Start fuzz torch.autograd.forward_ad.unpack_dual
2025-07-30 16:52:57.890 | INFO     | repfuzz.fuzz.fuzz_api:fuzz_api:89 - torch.get_default_dtype has no arguments, execute only once.
2025-07-30 16:52:59.499 | INFO     | __main__:fuzz_dataset:150 - Fuzzing torch done
2025-07-30 16:52:59.526 | INFO     | __main__:fuzz_dataset:184 - Fuzz torch.not_equal done
2025-07-30 16:52:59.527 | INFO     | __main__:fuzz_dataset:185 - Coverage now: 116952
2025-07-30 16:52:59.551 | INFO     | __main__:fuzz_dataset:131 - Fuzz torch.lcm start
2025-07-30 16:52:59.557 | INFO     | __main__:safe_fuzz:74 - Fuzzing process started for torch
2025-07-30 16:53:01.332 | INFO     | repfuzz.fuzz.fuzz_api:fuzz_api:97 - Start fuzz torch.tensor
2025-07-30 16:53:01.386 | INFO     | repfuzz.fuzz.fuzz_api:fuzz_api:97 - Start fuzz torch.lcm
2025-07-30 16:53:01.388 | INFO     | repfuzz.fuzz.fuzz_api:fuzz_api:89 - torch._jit_internal.is_scripting has no arguments, execute only once.
2025-07-30 16:53:01.389 | INFO     | repfuzz.fuzz.fuzz_api:fuzz_api:89 - torch.is_grad_enabled has no arguments, execute only once.
2025-07-30 16:53:01.395 | INFO     | repfuzz.fuzz.fuzz_api:fuzz_api:97 - Start fuzz torch.autograd.forward_ad.unpack_dual
2025-07-30 16:53:01.397 | INFO     | repfuzz.fuzz.fuzz_api:fuzz_api:89 - torch.get_default_dtype has no arguments, execute only once.
2025-07-30 16:53:03.092 | INFO     | __main__:fuzz_dataset:150 - Fuzzing torch done
2025-07-30 16:53:03.121 | INFO     | __main__:fuzz_dataset:184 - Fuzz torch.lcm done
2025-07-30 16:53:03.121 | INFO     | __main__:fuzz_dataset:185 - Coverage now: 116952
2025-07-30 16:53:03.145 | INFO     | __main__:fuzz_dataset:131 - Fuzz torch.cuda.memory.memory_summary start
2025-07-30 16:53:03.151 | INFO     | __main__:safe_fuzz:74 - Fuzzing process started for torch
2025-07-30 16:53:04.903 | INFO     | __main__:fuzz_dataset:150 - Fuzzing torch done
2025-07-30 16:53:04.918 | INFO     | __main__:fuzz_dataset:184 - Fuzz torch.cuda.memory.memory_summary done
2025-07-30 16:53:04.919 | INFO     | __main__:fuzz_dataset:185 - Coverage now: 116952
2025-07-30 16:53:04.943 | INFO     | __main__:fuzz_dataset:131 - Fuzz torch.serialization.validate_hpu_device start
2025-07-30 16:53:04.950 | INFO     | __main__:safe_fuzz:74 - Fuzzing process started for torch
2025-07-30 16:53:06.675 | INFO     | __main__:fuzz_dataset:150 - Fuzzing torch done
2025-07-30 16:53:06.689 | INFO     | __main__:fuzz_dataset:184 - Fuzz torch.serialization.validate_hpu_device done
2025-07-30 16:53:06.689 | INFO     | __main__:fuzz_dataset:185 - Coverage now: 116952
2025-07-30 16:53:06.713 | INFO     | __main__:fuzz_dataset:131 - Fuzz torch.nn.modules.module.register_module_buffer_registration_hook start
2025-07-30 16:53:06.720 | INFO     | __main__:safe_fuzz:74 - Fuzzing process started for torch
2025-07-30 16:53:08.385 | INFO     | repfuzz.fuzz.static_instrument:wrapper:24 - Coverage increased 8, now: 116960 (F)
2025-07-30 16:53:08.386 | INFO     | repfuzz.fuzz.fuzz_api:fuzz_api:97 - Start fuzz torch.nn.modules.module.register_module_buffer_registration_hook
2025-07-30 16:53:08.418 | INFO     | __main__:fuzz_dataset:150 - Fuzzing torch done
2025-07-30 16:53:08.436 | INFO     | __main__:fuzz_dataset:184 - Fuzz torch.nn.modules.module.register_module_buffer_registration_hook done
2025-07-30 16:53:08.436 | INFO     | __main__:fuzz_dataset:185 - Coverage now: 116960
2025-07-30 16:53:08.437 | INFO     | __main__:fuzz_dataset:187 - final total coverage: 116960
