2025-08-04 02:03:47.880 | DEBUG    | __main__:fuzz_dataset:109 - library difflib has 1 api to be fuzzed
2025-08-04 02:03:47.894 | INFO     | __main__:fuzz_dataset:131 - Fuzz difflib.unified_diff start
2025-08-04 02:03:47.899 | INFO     | __main__:safe_fuzz:74 - Fuzzing process started for difflib
2025-08-04 02:03:47.911 | INFO     | repfuzz.fuzz.fuzz_api:fuzz_api:97 - Start fuzz difflib.unified_diff
2025-08-04 02:03:57.905 | INFO     | __main__:fuzz_dataset:156 - 
Fuzzing process timeout, restarting...
2025-08-04 02:03:57.910 | INFO     | __main__:fuzz_dataset:184 - Fuzz difflib.unified_diff done
2025-08-04 02:03:57.911 | INFO     | __main__:fuzz_dataset:185 - Coverage now: 76
2025-08-04 02:03:57.914 | DEBUG    | __main__:fuzz_dataset:109 - library re has 1 api to be fuzzed
2025-08-04 02:03:57.932 | INFO     | __main__:fuzz_dataset:131 - Fuzz re.purge start
2025-08-04 02:03:57.938 | INFO     | __main__:safe_fuzz:74 - Fuzzing process started for re
2025-08-04 02:03:57.944 | INFO     | __main__:fuzz_dataset:150 - Fuzzing re done
2025-08-04 02:03:57.947 | INFO     | __main__:fuzz_dataset:184 - Fuzz re.purge done
2025-08-04 02:03:57.947 | INFO     | __main__:fuzz_dataset:185 - Coverage now: 76
2025-08-04 02:03:57.950 | DEBUG    | __main__:fuzz_dataset:109 - library locale has 1 api to be fuzzed
2025-08-04 02:03:57.968 | INFO     | __main__:fuzz_dataset:131 - Fuzz locale.normalize start
2025-08-04 02:03:57.974 | INFO     | __main__:safe_fuzz:74 - Fuzzing process started for locale
2025-08-04 02:03:57.983 | INFO     | repfuzz.fuzz.fuzz_api:fuzz_api:97 - Start fuzz locale.normalize
2025-08-04 02:03:58.164 | INFO     | __main__:fuzz_dataset:150 - Fuzzing locale done
2025-08-04 02:03:58.166 | INFO     | __main__:fuzz_dataset:184 - Fuzz locale.normalize done
2025-08-04 02:03:58.166 | INFO     | __main__:fuzz_dataset:185 - Coverage now: 76
2025-08-04 02:03:58.168 | DEBUG    | __main__:fuzz_dataset:109 - library ast has 1 api to be fuzzed
2025-08-04 02:03:58.185 | INFO     | __main__:fuzz_dataset:131 - Fuzz ast.get_source_segment start
2025-08-04 02:03:58.191 | INFO     | __main__:safe_fuzz:74 - Fuzzing process started for ast
2025-08-04 02:03:58.199 | INFO     | repfuzz.fuzz.fuzz_api:fuzz_api:97 - Start fuzz ast.parse
2025-08-04 02:03:58.386 | INFO     | repfuzz.fuzz.fuzz_api:fuzz_api:97 - Start fuzz ast.get_source_segment
2025-08-04 02:04:08.390 | INFO     | __main__:fuzz_dataset:156 - 
Fuzzing process timeout, restarting...
2025-08-04 02:04:08.393 | INFO     | __main__:fuzz_dataset:184 - Fuzz ast.get_source_segment done
2025-08-04 02:04:08.394 | INFO     | __main__:fuzz_dataset:185 - Coverage now: 76
2025-08-04 02:04:08.396 | DEBUG    | __main__:fuzz_dataset:109 - library sklearn has 1 api to be fuzzed
2025-08-04 02:04:08.417 | INFO     | __main__:fuzz_dataset:131 - Fuzz sklearn.feature_extraction.image.img_to_graph start
2025-08-04 02:04:08.423 | INFO     | __main__:safe_fuzz:74 - Fuzzing process started for sklearn
2025-08-04 02:04:09.660 | INFO     | __main__:fuzz_dataset:150 - Fuzzing sklearn done
2025-08-04 02:04:09.680 | INFO     | __main__:fuzz_dataset:184 - Fuzz sklearn.feature_extraction.image.img_to_graph done
2025-08-04 02:04:09.681 | INFO     | __main__:fuzz_dataset:185 - Coverage now: 15649
2025-08-04 02:04:09.684 | DEBUG    | __main__:fuzz_dataset:109 - library inspect has 1 api to be fuzzed
2025-08-04 02:04:09.700 | INFO     | __main__:fuzz_dataset:131 - Fuzz inspect.currentframe start
2025-08-04 02:04:09.706 | INFO     | __main__:safe_fuzz:74 - Fuzzing process started for inspect
2025-08-04 02:04:09.715 | INFO     | __main__:fuzz_dataset:150 - Fuzzing inspect done
2025-08-04 02:04:09.717 | INFO     | __main__:fuzz_dataset:184 - Fuzz inspect.currentframe done
2025-08-04 02:04:09.717 | INFO     | __main__:fuzz_dataset:185 - Coverage now: 15649
2025-08-04 02:04:09.720 | DEBUG    | __main__:fuzz_dataset:109 - library scipy has 2 api to be fuzzed
2025-08-04 02:04:09.737 | INFO     | __main__:fuzz_dataset:131 - Fuzz scipy.spatial.distance.correlation start
2025-08-04 02:04:09.743 | INFO     | __main__:safe_fuzz:74 - Fuzzing process started for scipy
2025-08-04 02:04:10.423 | INFO     | repfuzz.fuzz.static_instrument:wrapper:24 - Coverage increased 25, now: 32500 (F)
2025-08-04 02:04:10.424 | INFO     | repfuzz.fuzz.fuzz_api:fuzz_api:97 - Start fuzz scipy.spatial.distance.correlation
2025-08-04 02:04:20.495 | INFO     | __main__:fuzz_dataset:156 - 
Fuzzing process timeout, restarting...
2025-08-04 02:04:20.496 | INFO     | __main__:fuzz_dataset:184 - Fuzz scipy.spatial.distance.correlation done
2025-08-04 02:04:20.496 | INFO     | __main__:fuzz_dataset:185 - Coverage now: 32500
2025-08-04 02:04:20.513 | INFO     | __main__:fuzz_dataset:131 - Fuzz scipy.spatial.distance.braycurtis start
2025-08-04 02:04:20.518 | INFO     | __main__:safe_fuzz:74 - Fuzzing process started for scipy
2025-08-04 02:04:21.182 | INFO     | repfuzz.fuzz.static_instrument:wrapper:24 - Coverage increased 9, now: 32509 (F)
2025-08-04 02:04:21.183 | INFO     | repfuzz.fuzz.fuzz_api:fuzz_api:97 - Start fuzz scipy.spatial.distance.braycurtis
2025-08-04 02:04:21.219 | INFO     | repfuzz.fuzz.fuzz_api:fuzz_api:130 - Coverage increased 1, now: 32510
2025-08-04 02:04:21.813 | INFO     | __main__:fuzz_dataset:150 - Fuzzing scipy done
2025-08-04 02:04:21.826 | INFO     | __main__:fuzz_dataset:184 - Fuzz scipy.spatial.distance.braycurtis done
2025-08-04 02:04:21.826 | INFO     | __main__:fuzz_dataset:185 - Coverage now: 32510
2025-08-04 02:04:21.828 | DEBUG    | __main__:fuzz_dataset:109 - library dask has 5 api to be fuzzed
2025-08-04 02:04:21.848 | INFO     | __main__:fuzz_dataset:131 - Fuzz dask.config.collect start
2025-08-04 02:04:21.853 | INFO     | __main__:safe_fuzz:74 - Fuzzing process started for dask
2025-08-04 02:04:21.966 | INFO     | repfuzz.fuzz.fuzz_api:fuzz_api:97 - Start fuzz dask.config.collect_yaml
2025-08-04 02:04:22.137 | INFO     | repfuzz.fuzz.fuzz_api:fuzz_api:97 - Start fuzz dask.config.collect_env
2025-08-04 02:04:22.458 | INFO     | repfuzz.fuzz.fuzz_api:fuzz_api:97 - Start fuzz dask.config.update
2025-08-04 02:04:22.649 | INFO     | repfuzz.fuzz.fuzz_api:fuzz_api:97 - Start fuzz dask.config.merge
2025-08-04 02:04:22.919 | INFO     | repfuzz.fuzz.fuzz_api:fuzz_api:97 - Start fuzz dask.config.collect
2025-08-04 02:04:32.927 | INFO     | __main__:fuzz_dataset:156 - 
Fuzzing process timeout, restarting...
2025-08-04 02:04:32.929 | INFO     | __main__:fuzz_dataset:184 - Fuzz dask.config.collect done
2025-08-04 02:04:32.929 | INFO     | __main__:fuzz_dataset:185 - Coverage now: 34271
2025-08-04 02:04:32.946 | INFO     | __main__:fuzz_dataset:131 - Fuzz dask.sizeof.sizeof_memoryview start
2025-08-04 02:04:32.952 | INFO     | __main__:safe_fuzz:74 - Fuzzing process started for dask
2025-08-04 02:04:33.061 | INFO     | repfuzz.fuzz.static_instrument:wrapper:24 - Coverage increased 1, now: 34272 (F)
2025-08-04 02:04:33.062 | INFO     | repfuzz.fuzz.fuzz_api:fuzz_api:97 - Start fuzz dask.sizeof.sizeof_memoryview
2025-08-04 02:04:33.261 | INFO     | __main__:fuzz_dataset:150 - Fuzzing dask done
2025-08-04 02:04:33.264 | INFO     | __main__:fuzz_dataset:184 - Fuzz dask.sizeof.sizeof_memoryview done
2025-08-04 02:04:33.264 | INFO     | __main__:fuzz_dataset:185 - Coverage now: 34272
2025-08-04 02:04:33.281 | INFO     | __main__:fuzz_dataset:131 - Fuzz dask.utils.random_state_data start
2025-08-04 02:04:33.285 | INFO     | __main__:safe_fuzz:74 - Fuzzing process started for dask
2025-08-04 02:04:33.478 | INFO     | repfuzz.fuzz.static_instrument:wrapper:24 - Coverage increased 8, now: 34280 (F)
2025-08-04 02:04:33.479 | INFO     | repfuzz.fuzz.fuzz_api:fuzz_api:97 - Start fuzz dask.utils.random_state_data
2025-08-04 02:04:43.954 | INFO     | __main__:fuzz_dataset:156 - 
Fuzzing process timeout, restarting...
2025-08-04 02:04:43.979 | INFO     | __main__:fuzz_dataset:184 - Fuzz dask.utils.random_state_data done
2025-08-04 02:04:43.979 | INFO     | __main__:fuzz_dataset:185 - Coverage now: 34280
2025-08-04 02:04:43.997 | INFO     | __main__:fuzz_dataset:131 - Fuzz dask.config.serialize start
2025-08-04 02:04:44.003 | INFO     | __main__:safe_fuzz:74 - Fuzzing process started for dask
2025-08-04 02:04:44.111 | INFO     | repfuzz.fuzz.static_instrument:wrapper:24 - Coverage increased 1, now: 34281 (F)
2025-08-04 02:04:44.112 | INFO     | repfuzz.fuzz.fuzz_api:fuzz_api:97 - Start fuzz dask.config.serialize
2025-08-04 02:04:44.304 | INFO     | __main__:fuzz_dataset:150 - Fuzzing dask done
2025-08-04 02:04:44.306 | INFO     | __main__:fuzz_dataset:184 - Fuzz dask.config.serialize done
2025-08-04 02:04:44.307 | INFO     | __main__:fuzz_dataset:185 - Coverage now: 34281
2025-08-04 02:04:44.326 | INFO     | __main__:fuzz_dataset:131 - Fuzz dask.hashing.hash_buffer start
2025-08-04 02:04:44.332 | INFO     | __main__:safe_fuzz:74 - Fuzzing process started for dask
2025-08-04 02:04:44.445 | INFO     | repfuzz.fuzz.static_instrument:wrapper:24 - Coverage increased 2, now: 34283 (F)
2025-08-04 02:04:44.446 | INFO     | repfuzz.fuzz.fuzz_api:fuzz_api:97 - Start fuzz dask.hashing.hash_buffer
2025-08-04 02:04:54.339 | INFO     | __main__:fuzz_dataset:156 - 
Fuzzing process timeout, restarting...
2025-08-04 02:04:54.344 | INFO     | __main__:fuzz_dataset:184 - Fuzz dask.hashing.hash_buffer done
2025-08-04 02:04:54.344 | INFO     | __main__:fuzz_dataset:185 - Coverage now: 34283
2025-08-04 02:04:54.347 | DEBUG    | __main__:fuzz_dataset:109 - library nltk has 12 api to be fuzzed
2025-08-04 02:04:54.365 | INFO     | __main__:fuzz_dataset:131 - Fuzz nltk.chunk.util.conlltags2tree start
2025-08-04 02:04:54.371 | INFO     | __main__:safe_fuzz:74 - Fuzzing process started for nltk
2025-08-04 02:04:55.620 | INFO     | repfuzz.fuzz.static_instrument:wrapper:24 - Coverage increased 20, now: 45399 (F)
2025-08-04 02:04:55.621 | INFO     | repfuzz.fuzz.fuzz_api:fuzz_api:97 - Start fuzz nltk.chunk.util.conlltags2tree
2025-08-04 02:05:04.377 | INFO     | __main__:fuzz_dataset:156 - 
Fuzzing process timeout, restarting...
2025-08-04 02:05:04.382 | INFO     | __main__:fuzz_dataset:184 - Fuzz nltk.chunk.util.conlltags2tree done
2025-08-04 02:05:04.382 | INFO     | __main__:fuzz_dataset:185 - Coverage now: 45399
2025-08-04 02:05:04.403 | INFO     | __main__:fuzz_dataset:131 - Fuzz nltk.metrics.distance.jaro_similarity start
2025-08-04 02:05:04.409 | INFO     | __main__:safe_fuzz:74 - Fuzzing process started for nltk
2025-08-04 02:05:05.649 | INFO     | __main__:fuzz_dataset:150 - Fuzzing nltk done
2025-08-04 02:05:05.669 | INFO     | __main__:fuzz_dataset:184 - Fuzz nltk.metrics.distance.jaro_similarity done
2025-08-04 02:05:05.670 | INFO     | __main__:fuzz_dataset:185 - Coverage now: 45423
2025-08-04 02:05:05.688 | INFO     | __main__:fuzz_dataset:131 - Fuzz nltk.classify.util.wsd_demo start
2025-08-04 02:05:05.694 | INFO     | __main__:safe_fuzz:74 - Fuzzing process started for nltk
2025-08-04 02:05:06.953 | INFO     | __main__:fuzz_dataset:150 - Fuzzing nltk done
2025-08-04 02:05:06.972 | INFO     | __main__:fuzz_dataset:184 - Fuzz nltk.classify.util.wsd_demo done
2025-08-04 02:05:06.972 | INFO     | __main__:fuzz_dataset:185 - Coverage now: 45423
2025-08-04 02:05:06.989 | INFO     | __main__:fuzz_dataset:131 - Fuzz nltk.lm.preprocessing.padded_everygram_pipeline start
2025-08-04 02:05:06.996 | INFO     | __main__:safe_fuzz:74 - Fuzzing process started for nltk
2025-08-04 02:05:08.265 | INFO     | __main__:fuzz_dataset:150 - Fuzzing nltk done
2025-08-04 02:05:08.283 | INFO     | __main__:fuzz_dataset:184 - Fuzz nltk.lm.preprocessing.padded_everygram_pipeline done
2025-08-04 02:05:08.283 | INFO     | __main__:fuzz_dataset:185 - Coverage now: 45423
2025-08-04 02:05:08.301 | INFO     | __main__:fuzz_dataset:131 - Fuzz nltk.data.normalize_resource_name start
2025-08-04 02:05:08.307 | INFO     | __main__:safe_fuzz:74 - Fuzzing process started for nltk
2025-08-04 02:05:09.629 | INFO     | repfuzz.fuzz.static_instrument:wrapper:24 - Coverage increased 11, now: 45434 (F)
2025-08-04 02:05:09.630 | INFO     | repfuzz.fuzz.fuzz_api:fuzz_api:97 - Start fuzz nltk.data.normalize_resource_name
2025-08-04 02:05:18.314 | INFO     | __main__:fuzz_dataset:156 - 
Fuzzing process timeout, restarting...
2025-08-04 02:05:18.318 | INFO     | __main__:fuzz_dataset:184 - Fuzz nltk.data.normalize_resource_name done
2025-08-04 02:05:18.319 | INFO     | __main__:fuzz_dataset:185 - Coverage now: 45434
2025-08-04 02:05:18.340 | INFO     | __main__:fuzz_dataset:131 - Fuzz nltk.chunk.ne_chunker start
2025-08-04 02:05:18.346 | INFO     | __main__:safe_fuzz:74 - Fuzzing process started for nltk
2025-08-04 02:05:19.587 | INFO     | __main__:fuzz_dataset:150 - Fuzzing nltk done
2025-08-04 02:05:19.609 | INFO     | __main__:fuzz_dataset:184 - Fuzz nltk.chunk.ne_chunker done
2025-08-04 02:05:19.609 | INFO     | __main__:fuzz_dataset:185 - Coverage now: 45434
2025-08-04 02:05:19.629 | INFO     | __main__:fuzz_dataset:131 - Fuzz nltk.internals.find_binary_iter start
2025-08-04 02:05:19.635 | INFO     | __main__:safe_fuzz:74 - Fuzzing process started for nltk
2025-08-04 02:05:20.856 | INFO     | repfuzz.fuzz.fuzz_api:fuzz_api:97 - Start fuzz nltk.internals.find_binary_iter
2025-08-04 02:05:29.642 | INFO     | __main__:fuzz_dataset:156 - 
Fuzzing process timeout, restarting...
2025-08-04 02:05:29.646 | INFO     | __main__:fuzz_dataset:184 - Fuzz nltk.internals.find_binary_iter done
2025-08-04 02:05:29.647 | INFO     | __main__:fuzz_dataset:185 - Coverage now: 45434
2025-08-04 02:05:29.665 | INFO     | __main__:fuzz_dataset:131 - Fuzz nltk.tokenize.texttiling.smooth start
2025-08-04 02:05:29.671 | INFO     | __main__:safe_fuzz:74 - Fuzzing process started for nltk
2025-08-04 02:05:30.921 | INFO     | __main__:fuzz_dataset:150 - Fuzzing nltk done
2025-08-04 02:05:30.943 | INFO     | __main__:fuzz_dataset:184 - Fuzz nltk.tokenize.texttiling.smooth done
2025-08-04 02:05:30.944 | INFO     | __main__:fuzz_dataset:185 - Coverage now: 45434
2025-08-04 02:05:30.962 | INFO     | __main__:fuzz_dataset:131 - Fuzz nltk.demo start
2025-08-04 02:05:30.969 | INFO     | __main__:safe_fuzz:74 - Fuzzing process started for nltk
2025-08-04 02:05:32.207 | INFO     | __main__:fuzz_dataset:150 - Fuzzing nltk done
2025-08-04 02:05:32.232 | INFO     | __main__:fuzz_dataset:184 - Fuzz nltk.demo done
2025-08-04 02:05:32.233 | INFO     | __main__:fuzz_dataset:185 - Coverage now: 45434
2025-08-04 02:05:32.252 | INFO     | __main__:fuzz_dataset:131 - Fuzz nltk.parse.nonprojectivedependencyparser.demo start
2025-08-04 02:05:32.258 | INFO     | __main__:safe_fuzz:74 - Fuzzing process started for nltk
2025-08-04 02:05:33.548 | INFO     | __main__:fuzz_dataset:150 - Fuzzing nltk done
2025-08-04 02:05:33.571 | INFO     | __main__:fuzz_dataset:184 - Fuzz nltk.parse.nonprojectivedependencyparser.demo done
2025-08-04 02:05:33.572 | INFO     | __main__:fuzz_dataset:185 - Coverage now: 45434
2025-08-04 02:05:33.596 | INFO     | __main__:fuzz_dataset:131 - Fuzz nltk.classify.util.accuracy start
2025-08-04 02:05:33.603 | INFO     | __main__:safe_fuzz:74 - Fuzzing process started for nltk
2025-08-04 02:05:34.859 | INFO     | __main__:fuzz_dataset:150 - Fuzzing nltk done
2025-08-04 02:05:34.883 | INFO     | __main__:fuzz_dataset:184 - Fuzz nltk.classify.util.accuracy done
2025-08-04 02:05:34.883 | INFO     | __main__:fuzz_dataset:185 - Coverage now: 45436
2025-08-04 02:05:34.900 | INFO     | __main__:fuzz_dataset:131 - Fuzz nltk.inference.resolution.clausify start
2025-08-04 02:05:34.904 | INFO     | __main__:safe_fuzz:74 - Fuzzing process started for nltk
2025-08-04 02:05:36.169 | INFO     | __main__:fuzz_dataset:150 - Fuzzing nltk done
2025-08-04 02:05:36.193 | INFO     | __main__:fuzz_dataset:184 - Fuzz nltk.inference.resolution.clausify done
2025-08-04 02:05:36.193 | INFO     | __main__:fuzz_dataset:185 - Coverage now: 45436
2025-08-04 02:05:36.196 | DEBUG    | __main__:fuzz_dataset:109 - library pandas has 15 api to be fuzzed
2025-08-04 02:05:36.213 | INFO     | __main__:fuzz_dataset:131 - Fuzz pandas.core.arrays.categorical.contains start
2025-08-04 02:05:36.219 | INFO     | __main__:safe_fuzz:74 - Fuzzing process started for pandas
2025-08-04 02:05:36.996 | INFO     | repfuzz.fuzz.static_instrument:wrapper:24 - Coverage increased 2, now: 70204 (F)
2025-08-04 02:05:36.997 | INFO     | repfuzz.fuzz.fuzz_api:fuzz_api:97 - Start fuzz pandas.core.common.convert_to_list_like
2025-08-04 02:05:37.168 | INFO     | repfuzz.fuzz.static_instrument:wrapper:24 - Coverage increased 2, now: 70210 (F)
2025-08-04 02:05:37.170 | INFO     | repfuzz.fuzz.fuzz_api:fuzz_api:97 - Start fuzz pandas.core.construction.extract_array
2025-08-04 02:05:47.182 | INFO     | __main__:fuzz_dataset:156 - 
Fuzzing process timeout, restarting...
2025-08-04 02:05:47.185 | INFO     | __main__:fuzz_dataset:184 - Fuzz pandas.core.arrays.categorical.contains done
2025-08-04 02:05:47.186 | INFO     | __main__:fuzz_dataset:185 - Coverage now: 70210
2025-08-04 02:05:47.208 | INFO     | __main__:fuzz_dataset:131 - Fuzz pandas.core.computation.expressions.where start
2025-08-04 02:05:47.215 | INFO     | __main__:safe_fuzz:74 - Fuzzing process started for pandas
2025-08-04 02:05:48.111 | INFO     | repfuzz.fuzz.static_instrument:wrapper:24 - Coverage increased 3, now: 70213 (F)
2025-08-04 02:05:48.112 | INFO     | repfuzz.fuzz.fuzz_api:fuzz_api:97 - Start fuzz pandas.core.computation.expressions.where
2025-08-04 02:05:58.123 | INFO     | __main__:fuzz_dataset:156 - 
Fuzzing process timeout, restarting...
2025-08-04 02:05:58.127 | INFO     | __main__:fuzz_dataset:184 - Fuzz pandas.core.computation.expressions.where done
2025-08-04 02:05:58.127 | INFO     | __main__:fuzz_dataset:185 - Coverage now: 70213
2025-08-04 02:05:58.150 | INFO     | __main__:fuzz_dataset:131 - Fuzz pandas.io.sql.execute start
2025-08-04 02:05:58.156 | INFO     | __main__:safe_fuzz:74 - Fuzzing process started for pandas
2025-08-04 02:05:58.982 | INFO     | __main__:fuzz_dataset:150 - Fuzzing pandas done
2025-08-04 02:05:58.991 | INFO     | __main__:fuzz_dataset:184 - Fuzz pandas.io.sql.execute done
2025-08-04 02:05:58.992 | INFO     | __main__:fuzz_dataset:185 - Coverage now: 70213
2025-08-04 02:05:59.015 | INFO     | __main__:fuzz_dataset:131 - Fuzz pandas.core.groupby.grouper.get_grouper start
2025-08-04 02:05:59.022 | INFO     | __main__:safe_fuzz:74 - Fuzzing process started for pandas
2025-08-04 02:05:59.807 | INFO     | repfuzz.fuzz.static_instrument:wrapper:24 - Coverage increased 3, now: 70237 (F)
2025-08-04 02:05:59.808 | INFO     | repfuzz.fuzz.fuzz_api:fuzz_api:97 - Start fuzz pandas.core.indexes.base.maybe_extract_name
2025-08-04 02:06:09.028 | INFO     | __main__:fuzz_dataset:156 - 
Fuzzing process timeout, restarting...
2025-08-04 02:06:09.032 | INFO     | __main__:fuzz_dataset:184 - Fuzz pandas.core.groupby.grouper.get_grouper done
2025-08-04 02:06:09.033 | INFO     | __main__:fuzz_dataset:185 - Coverage now: 70237
2025-08-04 02:06:09.051 | INFO     | __main__:fuzz_dataset:131 - Fuzz pandas.io.parsers.readers.read_table start
2025-08-04 02:06:09.056 | INFO     | __main__:safe_fuzz:74 - Fuzzing process started for pandas
2025-08-04 02:06:09.853 | INFO     | repfuzz.fuzz.static_instrument:wrapper:24 - Coverage increased 2, now: 70286 (F)
2025-08-04 02:06:09.854 | INFO     | repfuzz.fuzz.fuzz_api:fuzz_api:97 - Start fuzz pandas.io.parsers.readers.validate_integer
2025-08-04 02:06:19.868 | INFO     | __main__:fuzz_dataset:156 - 
Fuzzing process timeout, restarting...
2025-08-04 02:06:19.872 | INFO     | __main__:fuzz_dataset:184 - Fuzz pandas.io.parsers.readers.read_table done
2025-08-04 02:06:19.872 | INFO     | __main__:fuzz_dataset:185 - Coverage now: 70286
2025-08-04 02:06:19.891 | INFO     | __main__:fuzz_dataset:131 - Fuzz pandas.compat.is_platform_mac start
2025-08-04 02:06:19.898 | INFO     | __main__:safe_fuzz:74 - Fuzzing process started for pandas
2025-08-04 02:06:20.718 | INFO     | __main__:fuzz_dataset:150 - Fuzzing pandas done
2025-08-04 02:06:20.726 | INFO     | __main__:fuzz_dataset:184 - Fuzz pandas.compat.is_platform_mac done
2025-08-04 02:06:20.727 | INFO     | __main__:fuzz_dataset:185 - Coverage now: 70286
2025-08-04 02:06:20.749 | INFO     | __main__:fuzz_dataset:131 - Fuzz pandas.io.formats.format.get_level_lengths start
2025-08-04 02:06:20.755 | INFO     | __main__:safe_fuzz:74 - Fuzzing process started for pandas
2025-08-04 02:06:21.552 | INFO     | repfuzz.fuzz.static_instrument:wrapper:24 - Coverage increased 14, now: 70300 (F)
2025-08-04 02:06:21.553 | INFO     | repfuzz.fuzz.fuzz_api:fuzz_api:97 - Start fuzz pandas.io.formats.format.get_level_lengths
2025-08-04 02:06:30.759 | INFO     | __main__:fuzz_dataset:156 - 
Fuzzing process timeout, restarting...
2025-08-04 02:06:30.764 | INFO     | __main__:fuzz_dataset:184 - Fuzz pandas.io.formats.format.get_level_lengths done
2025-08-04 02:06:30.765 | INFO     | __main__:fuzz_dataset:185 - Coverage now: 70300
2025-08-04 02:06:30.788 | INFO     | __main__:fuzz_dataset:131 - Fuzz pandas.io.common.is_fsspec_url start
2025-08-04 02:06:30.795 | INFO     | __main__:safe_fuzz:74 - Fuzzing process started for pandas
2025-08-04 02:06:31.642 | INFO     | repfuzz.fuzz.static_instrument:wrapper:24 - Coverage increased 4, now: 70304 (F)
2025-08-04 02:06:31.643 | INFO     | repfuzz.fuzz.fuzz_api:fuzz_api:97 - Start fuzz pandas.io.common.is_fsspec_url
2025-08-04 02:06:31.814 | INFO     | __main__:fuzz_dataset:150 - Fuzzing pandas done
2025-08-04 02:06:31.830 | INFO     | __main__:fuzz_dataset:184 - Fuzz pandas.io.common.is_fsspec_url done
2025-08-04 02:06:31.830 | INFO     | __main__:fuzz_dataset:185 - Coverage now: 70304
2025-08-04 02:06:31.850 | INFO     | __main__:fuzz_dataset:131 - Fuzz pandas.core.nanops.nanmedian start
2025-08-04 02:06:31.856 | INFO     | __main__:safe_fuzz:74 - Fuzzing process started for pandas
2025-08-04 02:06:32.641 | INFO     | repfuzz.fuzz.static_instrument:wrapper:24 - Coverage increased 68, now: 70372 (F)
2025-08-04 02:06:32.642 | INFO     | repfuzz.fuzz.fuzz_api:fuzz_api:97 - Start fuzz pandas.core.nanops.nanmedian
2025-08-04 02:06:41.863 | INFO     | __main__:fuzz_dataset:156 - 
Fuzzing process timeout, restarting...
2025-08-04 02:06:41.868 | INFO     | __main__:fuzz_dataset:184 - Fuzz pandas.core.nanops.nanmedian done
2025-08-04 02:06:41.869 | INFO     | __main__:fuzz_dataset:185 - Coverage now: 70372
2025-08-04 02:06:41.891 | INFO     | __main__:fuzz_dataset:131 - Fuzz pandas.core.nanops.reduction start
2025-08-04 02:06:41.898 | INFO     | __main__:safe_fuzz:74 - Fuzzing process started for pandas
2025-08-04 02:06:42.811 | INFO     | __main__:fuzz_dataset:150 - Fuzzing pandas done
2025-08-04 02:06:42.826 | INFO     | __main__:fuzz_dataset:184 - Fuzz pandas.core.nanops.reduction done
2025-08-04 02:06:42.826 | INFO     | __main__:fuzz_dataset:185 - Coverage now: 70372
2025-08-04 02:06:42.848 | INFO     | __main__:fuzz_dataset:131 - Fuzz pandas.core.sorting.lexsort_indexer start
2025-08-04 02:06:42.855 | INFO     | __main__:safe_fuzz:74 - Fuzzing process started for pandas
2025-08-04 02:06:43.640 | INFO     | __main__:fuzz_dataset:150 - Fuzzing pandas done
2025-08-04 02:06:43.650 | INFO     | __main__:fuzz_dataset:184 - Fuzz pandas.core.sorting.lexsort_indexer done
2025-08-04 02:06:43.651 | INFO     | __main__:fuzz_dataset:185 - Coverage now: 70372
2025-08-04 02:06:43.672 | INFO     | __main__:fuzz_dataset:131 - Fuzz pandas.core.reshape.encoding.get_dummies start
2025-08-04 02:06:43.679 | INFO     | __main__:safe_fuzz:74 - Fuzzing process started for pandas
2025-08-04 02:06:44.462 | INFO     | repfuzz.fuzz.fuzz_api:fuzz_api:97 - Start fuzz pandas.core.indexes.base.maybe_extract_name
2025-08-04 02:06:53.686 | INFO     | __main__:fuzz_dataset:156 - 
Fuzzing process timeout, restarting...
2025-08-04 02:06:53.691 | INFO     | __main__:fuzz_dataset:184 - Fuzz pandas.core.reshape.encoding.get_dummies done
2025-08-04 02:06:53.691 | INFO     | __main__:fuzz_dataset:185 - Coverage now: 70385
2025-08-04 02:06:53.714 | INFO     | __main__:fuzz_dataset:131 - Fuzz pandas.core.nanops.get_corr_func start
2025-08-04 02:06:53.721 | INFO     | __main__:safe_fuzz:74 - Fuzzing process started for pandas
2025-08-04 02:06:54.920 | INFO     | repfuzz.fuzz.static_instrument:wrapper:24 - Coverage increased 4, now: 70389 (F)
2025-08-04 02:06:54.921 | INFO     | repfuzz.fuzz.fuzz_api:fuzz_api:97 - Start fuzz pandas.core.nanops.get_corr_func
2025-08-04 02:06:55.092 | INFO     | __main__:fuzz_dataset:150 - Fuzzing pandas done
2025-08-04 02:06:55.110 | INFO     | __main__:fuzz_dataset:184 - Fuzz pandas.core.nanops.get_corr_func done
2025-08-04 02:06:55.110 | INFO     | __main__:fuzz_dataset:185 - Coverage now: 70390
2025-08-04 02:06:55.129 | INFO     | __main__:fuzz_dataset:131 - Fuzz pandas.core.sample.preprocess_weights start
2025-08-04 02:06:55.136 | INFO     | __main__:safe_fuzz:74 - Fuzzing process started for pandas
2025-08-04 02:06:55.936 | INFO     | __main__:fuzz_dataset:150 - Fuzzing pandas done
2025-08-04 02:06:55.945 | INFO     | __main__:fuzz_dataset:184 - Fuzz pandas.core.sample.preprocess_weights done
2025-08-04 02:06:55.945 | INFO     | __main__:fuzz_dataset:185 - Coverage now: 70390
2025-08-04 02:06:55.961 | INFO     | __main__:fuzz_dataset:131 - Fuzz pandas.core.dtypes.cast.find_common_type start
2025-08-04 02:06:55.966 | INFO     | __main__:safe_fuzz:74 - Fuzzing process started for pandas
2025-08-04 02:06:56.748 | INFO     | repfuzz.fuzz.static_instrument:wrapper:24 - Coverage increased 4, now: 70404 (F)
2025-08-04 02:06:56.749 | INFO     | repfuzz.fuzz.fuzz_api:fuzz_api:97 - Start fuzz pandas.core.dtypes.cast.np_find_common_type
2025-08-04 02:07:05.973 | INFO     | __main__:fuzz_dataset:156 - 
Fuzzing process timeout, restarting...
2025-08-04 02:07:05.977 | INFO     | __main__:fuzz_dataset:184 - Fuzz pandas.core.dtypes.cast.find_common_type done
2025-08-04 02:07:05.977 | INFO     | __main__:fuzz_dataset:185 - Coverage now: 70404
2025-08-04 02:07:05.978 | DEBUG    | __main__:fuzz_dataset:109 - library numpy has 17 api to be fuzzed
2025-08-04 02:07:05.998 | INFO     | __main__:fuzz_dataset:131 - Fuzz numpy.f2py.capi_maps.cb_sign2map start
2025-08-04 02:07:06.003 | INFO     | __main__:safe_fuzz:74 - Fuzzing process started for numpy
2025-08-04 02:07:06.243 | INFO     | __main__:fuzz_dataset:150 - Fuzzing numpy done
2025-08-04 02:07:06.248 | INFO     | __main__:fuzz_dataset:184 - Fuzz numpy.f2py.capi_maps.cb_sign2map done
2025-08-04 02:07:06.249 | INFO     | __main__:fuzz_dataset:185 - Coverage now: 78502
2025-08-04 02:07:06.265 | INFO     | __main__:fuzz_dataset:131 - Fuzz numpy.set_printoptions start
2025-08-04 02:07:06.270 | INFO     | __main__:safe_fuzz:74 - Fuzzing process started for numpy
2025-08-04 02:07:06.502 | INFO     | repfuzz.fuzz.static_instrument:wrapper:24 - Coverage increased 27, now: 78529 (F)
2025-08-04 02:07:06.503 | INFO     | repfuzz.fuzz.fuzz_api:fuzz_api:97 - Start fuzz numpy.set_printoptions
2025-08-04 02:07:16.275 | INFO     | __main__:fuzz_dataset:156 - 
Fuzzing process timeout, restarting...
2025-08-04 02:07:16.280 | INFO     | __main__:fuzz_dataset:184 - Fuzz numpy.set_printoptions done
2025-08-04 02:07:16.280 | INFO     | __main__:fuzz_dataset:185 - Coverage now: 78529
2025-08-04 02:07:16.299 | INFO     | __main__:fuzz_dataset:131 - Fuzz numpy.lib.format.read_array_header_2_0 start
2025-08-04 02:07:16.306 | INFO     | __main__:safe_fuzz:74 - Fuzzing process started for numpy
2025-08-04 02:07:16.538 | INFO     | __main__:fuzz_dataset:150 - Fuzzing numpy done
2025-08-04 02:07:16.543 | INFO     | __main__:fuzz_dataset:184 - Fuzz numpy.lib.format.read_array_header_2_0 done
2025-08-04 02:07:16.543 | INFO     | __main__:fuzz_dataset:185 - Coverage now: 78529
2025-08-04 02:07:16.556 | INFO     | __main__:fuzz_dataset:131 - Fuzz numpy.lib.format.dtype_to_descr start
2025-08-04 02:07:16.562 | INFO     | __main__:safe_fuzz:74 - Fuzzing process started for numpy
2025-08-04 02:07:16.796 | INFO     | repfuzz.fuzz.static_instrument:wrapper:24 - Coverage increased 4, now: 78534 (F)
2025-08-04 02:07:16.796 | INFO     | repfuzz.fuzz.fuzz_api:fuzz_api:97 - Start fuzz numpy.lib.format.drop_metadata
2025-08-04 02:07:16.799 | INFO     | repfuzz.fuzz.fuzz_api:fuzz_api:97 - Start fuzz numpy.issubdtype
2025-08-04 02:07:26.814 | INFO     | __main__:fuzz_dataset:156 - 
Fuzzing process timeout, restarting...
2025-08-04 02:07:26.817 | INFO     | __main__:fuzz_dataset:184 - Fuzz numpy.lib.format.dtype_to_descr done
2025-08-04 02:07:26.818 | INFO     | __main__:fuzz_dataset:185 - Coverage now: 78566
2025-08-04 02:07:26.838 | INFO     | __main__:fuzz_dataset:131 - Fuzz numpy.get_printoptions start
2025-08-04 02:07:26.844 | INFO     | __main__:safe_fuzz:74 - Fuzzing process started for numpy
2025-08-04 02:07:27.075 | INFO     | __main__:fuzz_dataset:150 - Fuzzing numpy done
2025-08-04 02:07:27.080 | INFO     | __main__:fuzz_dataset:184 - Fuzz numpy.get_printoptions done
2025-08-04 02:07:27.080 | INFO     | __main__:fuzz_dataset:185 - Coverage now: 78566
2025-08-04 02:07:27.093 | INFO     | __main__:fuzz_dataset:131 - Fuzz numpy.asmatrix start
2025-08-04 02:07:27.099 | INFO     | __main__:safe_fuzz:74 - Fuzzing process started for numpy
2025-08-04 02:07:27.336 | INFO     | repfuzz.fuzz.fuzz_api:fuzz_api:97 - Start fuzz numpy.array
2025-08-04 02:07:27.533 | INFO     | repfuzz.fuzz.static_instrument:wrapper:24 - Coverage increased 16, now: 78582 (F)
2025-08-04 02:07:27.534 | INFO     | repfuzz.fuzz.fuzz_api:fuzz_api:97 - Start fuzz numpy.asmatrix
2025-08-04 02:07:27.537 | INFO     | repfuzz.fuzz.fuzz_api:fuzz_api:97 - Start fuzz numpy.issubdtype
2025-08-04 02:07:37.543 | INFO     | __main__:fuzz_dataset:156 - 
Fuzzing process timeout, restarting...
2025-08-04 02:07:37.546 | INFO     | __main__:fuzz_dataset:184 - Fuzz numpy.asmatrix done
2025-08-04 02:07:37.547 | INFO     | __main__:fuzz_dataset:185 - Coverage now: 78738
2025-08-04 02:07:37.566 | INFO     | __main__:fuzz_dataset:131 - Fuzz numpy.polynomial.chebyshev.chebgrid2d start
2025-08-04 02:07:37.573 | INFO     | __main__:safe_fuzz:74 - Fuzzing process started for numpy
2025-08-04 02:07:37.807 | INFO     | repfuzz.fuzz.fuzz_api:fuzz_api:97 - Start fuzz numpy.array
2025-08-04 02:07:37.983 | INFO     | repfuzz.fuzz.fuzz_api:fuzz_api:97 - Start fuzz numpy.asarray
2025-08-04 02:07:38.153 | INFO     | repfuzz.fuzz.static_instrument:wrapper:24 - Coverage increased 8, now: 78748 (F)
2025-08-04 02:07:38.155 | INFO     | repfuzz.fuzz.fuzz_api:fuzz_api:97 - Start fuzz numpy.polynomial.chebyshev.chebval
2025-08-04 02:07:38.157 | INFO     | repfuzz.fuzz.fuzz_api:fuzz_api:97 - Start fuzz numpy.issubdtype
2025-08-04 02:07:48.167 | INFO     | __main__:fuzz_dataset:156 - 
Fuzzing process timeout, restarting...
2025-08-04 02:07:48.170 | INFO     | __main__:fuzz_dataset:184 - Fuzz numpy.polynomial.chebyshev.chebgrid2d done
2025-08-04 02:07:48.171 | INFO     | __main__:fuzz_dataset:185 - Coverage now: 78748
2025-08-04 02:07:48.191 | INFO     | __main__:fuzz_dataset:131 - Fuzz numpy.f2py.crackfortran.sortvarnames start
2025-08-04 02:07:48.197 | INFO     | __main__:safe_fuzz:74 - Fuzzing process started for numpy
2025-08-04 02:07:48.430 | INFO     | __main__:fuzz_dataset:150 - Fuzzing numpy done
2025-08-04 02:07:48.434 | INFO     | __main__:fuzz_dataset:184 - Fuzz numpy.f2py.crackfortran.sortvarnames done
2025-08-04 02:07:48.435 | INFO     | __main__:fuzz_dataset:185 - Coverage now: 78748
2025-08-04 02:07:48.454 | INFO     | __main__:fuzz_dataset:131 - Fuzz numpy.f2py.func2subr.assubr start
2025-08-04 02:07:48.460 | INFO     | __main__:safe_fuzz:74 - Fuzzing process started for numpy
2025-08-04 02:07:48.692 | INFO     | repfuzz.fuzz.static_instrument:wrapper:24 - Coverage increased 1, now: 78751 (F)
2025-08-04 02:07:48.693 | INFO     | repfuzz.fuzz.fuzz_api:fuzz_api:97 - Start fuzz numpy.f2py.auxfuncs.isintent_c
2025-08-04 02:07:48.878 | INFO     | repfuzz.fuzz.static_instrument:wrapper:24 - Coverage increased 1, now: 78753 (F)
2025-08-04 02:07:48.879 | INFO     | repfuzz.fuzz.fuzz_api:fuzz_api:97 - Start fuzz numpy.f2py.auxfuncs.isfunction
2025-08-04 02:07:49.060 | INFO     | repfuzz.fuzz.static_instrument:wrapper:24 - Coverage increased 1, now: 78757 (F)
2025-08-04 02:07:49.061 | INFO     | repfuzz.fuzz.fuzz_api:fuzz_api:97 - Start fuzz numpy.f2py.auxfuncs.issubroutine
2025-08-04 02:07:49.243 | INFO     | repfuzz.fuzz.static_instrument:wrapper:24 - Coverage increased 10, now: 78758 (F)
2025-08-04 02:07:49.244 | INFO     | repfuzz.fuzz.fuzz_api:fuzz_api:97 - Start fuzz numpy.f2py.func2subr.assubr
2025-08-04 02:07:49.843 | INFO     | __main__:fuzz_dataset:150 - Fuzzing numpy done
2025-08-04 02:07:49.849 | INFO     | __main__:fuzz_dataset:184 - Fuzz numpy.f2py.func2subr.assubr done
2025-08-04 02:07:49.850 | INFO     | __main__:fuzz_dataset:185 - Coverage now: 78758
2025-08-04 02:07:49.869 | INFO     | __main__:fuzz_dataset:131 - Fuzz numpy.ma.core.power start
2025-08-04 02:07:49.876 | INFO     | __main__:safe_fuzz:74 - Fuzzing process started for numpy
2025-08-04 02:07:50.105 | INFO     | repfuzz.fuzz.fuzz_api:fuzz_api:97 - Start fuzz numpy.ma.core.getmask
2025-08-04 02:07:50.274 | INFO     | repfuzz.fuzz.static_instrument:wrapper:24 - Coverage increased 2, now: 78767 (F)
2025-08-04 02:07:50.275 | INFO     | repfuzz.fuzz.fuzz_api:fuzz_api:97 - Start fuzz numpy.ma.core.make_mask
2025-08-04 02:08:00.309 | INFO     | __main__:fuzz_dataset:156 - 
Fuzzing process timeout, restarting...
2025-08-04 02:08:00.313 | INFO     | __main__:fuzz_dataset:184 - Fuzz numpy.ma.core.power done
2025-08-04 02:08:00.313 | INFO     | __main__:fuzz_dataset:185 - Coverage now: 78773
2025-08-04 02:08:00.334 | INFO     | __main__:fuzz_dataset:131 - Fuzz numpy.polynomial.hermite.hermsub start
2025-08-04 02:08:00.341 | INFO     | __main__:safe_fuzz:74 - Fuzzing process started for numpy
2025-08-04 02:08:00.575 | INFO     | repfuzz.fuzz.fuzz_api:fuzz_api:97 - Start fuzz numpy.array
2025-08-04 02:08:01.130 | INFO     | repfuzz.fuzz.static_instrument:wrapper:24 - Coverage increased 2, now: 78783 (F)
2025-08-04 02:08:01.131 | INFO     | repfuzz.fuzz.fuzz_api:fuzz_api:97 - Start fuzz numpy.polynomial.polyutils.trimseq
2025-08-04 02:08:01.133 | INFO     | repfuzz.fuzz.fuzz_api:fuzz_api:97 - Start fuzz numpy.issubdtype
2025-08-04 02:08:11.146 | INFO     | __main__:fuzz_dataset:156 - 
Fuzzing process timeout, restarting...
2025-08-04 02:08:11.150 | INFO     | __main__:fuzz_dataset:184 - Fuzz numpy.polynomial.hermite.hermsub done
2025-08-04 02:08:11.151 | INFO     | __main__:fuzz_dataset:185 - Coverage now: 78783
2025-08-04 02:08:11.172 | INFO     | __main__:fuzz_dataset:131 - Fuzz numpy.lib.format.descr_to_dtype start
2025-08-04 02:08:11.179 | INFO     | __main__:safe_fuzz:74 - Fuzzing process started for numpy
2025-08-04 02:08:11.413 | INFO     | repfuzz.fuzz.static_instrument:wrapper:24 - Coverage increased 1, now: 78795 (F)
2025-08-04 02:08:11.414 | INFO     | repfuzz.fuzz.fuzz_api:fuzz_api:97 - Start fuzz numpy.lib.format.descr_to_dtype
2025-08-04 02:08:11.579 | INFO     | repfuzz.fuzz.static_instrument:wrapper:24 - Coverage increased 11, now: 78805 (F)
2025-08-04 02:08:11.580 | INFO     | repfuzz.fuzz.static_instrument:wrapper:24 - Coverage increased 22, now: 78805 (F)
2025-08-04 02:08:11.580 | INFO     | __main__:fuzz_dataset:150 - Fuzzing numpy done
2025-08-04 02:08:11.587 | INFO     | __main__:fuzz_dataset:184 - Fuzz numpy.lib.format.descr_to_dtype done
2025-08-04 02:08:11.588 | INFO     | __main__:fuzz_dataset:185 - Coverage now: 78805
2025-08-04 02:08:11.603 | INFO     | __main__:fuzz_dataset:131 - Fuzz numpy.strings.title start
2025-08-04 02:08:11.609 | INFO     | __main__:safe_fuzz:74 - Fuzzing process started for numpy
2025-08-04 02:08:11.855 | INFO     | repfuzz.fuzz.fuzz_api:fuzz_api:97 - Start fuzz numpy.array
2025-08-04 02:08:21.615 | INFO     | __main__:fuzz_dataset:156 - 
Fuzzing process timeout, restarting...
2025-08-04 02:08:21.620 | INFO     | __main__:fuzz_dataset:184 - Fuzz numpy.strings.title done
2025-08-04 02:08:21.621 | INFO     | __main__:fuzz_dataset:185 - Coverage now: 78805
2025-08-04 02:08:21.640 | INFO     | __main__:fuzz_dataset:131 - Fuzz numpy.rec.fromrecords start
2025-08-04 02:08:21.646 | INFO     | __main__:safe_fuzz:74 - Fuzzing process started for numpy
2025-08-04 02:08:21.880 | INFO     | repfuzz.fuzz.static_instrument:wrapper:24 - Coverage increased 68, now: 78873 (F)
2025-08-04 02:08:21.881 | INFO     | repfuzz.fuzz.fuzz_api:fuzz_api:97 - Start fuzz numpy.rec.fromrecords
2025-08-04 02:08:31.651 | INFO     | __main__:fuzz_dataset:156 - 
Fuzzing process timeout, restarting...
2025-08-04 02:08:31.656 | INFO     | __main__:fuzz_dataset:184 - Fuzz numpy.rec.fromrecords done
2025-08-04 02:08:31.656 | INFO     | __main__:fuzz_dataset:185 - Coverage now: 78873
2025-08-04 02:08:31.678 | INFO     | __main__:fuzz_dataset:131 - Fuzz numpy.polynomial.laguerre.lagmulx start
2025-08-04 02:08:31.684 | INFO     | __main__:safe_fuzz:74 - Fuzzing process started for numpy
2025-08-04 02:08:31.919 | INFO     | repfuzz.fuzz.fuzz_api:fuzz_api:97 - Start fuzz numpy.array
2025-08-04 02:08:32.463 | INFO     | repfuzz.fuzz.fuzz_api:fuzz_api:97 - Start fuzz numpy.polynomial.polyutils.trimseq
2025-08-04 02:08:32.465 | INFO     | repfuzz.fuzz.fuzz_api:fuzz_api:97 - Start fuzz numpy.issubdtype
2025-08-04 02:08:42.473 | INFO     | __main__:fuzz_dataset:156 - 
Fuzzing process timeout, restarting...
2025-08-04 02:08:42.477 | INFO     | __main__:fuzz_dataset:184 - Fuzz numpy.polynomial.laguerre.lagmulx done
2025-08-04 02:08:42.477 | INFO     | __main__:fuzz_dataset:185 - Coverage now: 78874
2025-08-04 02:08:42.497 | INFO     | __main__:fuzz_dataset:131 - Fuzz numpy.f2py.auxfuncs.getuseblocks start
2025-08-04 02:08:42.503 | INFO     | __main__:safe_fuzz:74 - Fuzzing process started for numpy
2025-08-04 02:08:42.736 | INFO     | repfuzz.fuzz.static_instrument:wrapper:24 - Coverage increased 6, now: 78880 (F)
2025-08-04 02:08:42.737 | INFO     | repfuzz.fuzz.fuzz_api:fuzz_api:97 - Start fuzz numpy.f2py.auxfuncs.getuseblocks
2025-08-04 02:08:42.916 | INFO     | __main__:fuzz_dataset:150 - Fuzzing numpy done
2025-08-04 02:08:42.920 | INFO     | __main__:fuzz_dataset:184 - Fuzz numpy.f2py.auxfuncs.getuseblocks done
2025-08-04 02:08:42.920 | INFO     | __main__:fuzz_dataset:185 - Coverage now: 78880
2025-08-04 02:08:42.938 | INFO     | __main__:fuzz_dataset:131 - Fuzz numpy.seterr start
2025-08-04 02:08:42.943 | INFO     | __main__:safe_fuzz:74 - Fuzzing process started for numpy
2025-08-04 02:08:43.197 | INFO     | repfuzz.fuzz.static_instrument:wrapper:24 - Coverage increased 7, now: 78887 (F)
2025-08-04 02:08:43.198 | INFO     | repfuzz.fuzz.fuzz_api:fuzz_api:97 - Start fuzz numpy.seterr
2025-08-04 02:08:52.947 | INFO     | __main__:fuzz_dataset:156 - 
Fuzzing process timeout, restarting...
2025-08-04 02:08:52.952 | INFO     | __main__:fuzz_dataset:184 - Fuzz numpy.seterr done
2025-08-04 02:08:52.952 | INFO     | __main__:fuzz_dataset:185 - Coverage now: 78887
2025-08-04 02:08:52.955 | DEBUG    | __main__:fuzz_dataset:109 - library torch has 43 api to be fuzzed
2025-08-04 02:08:52.970 | INFO     | __main__:fuzz_dataset:131 - Fuzz torch.autograd.gradcheck.gradgradcheck start
2025-08-04 02:08:52.976 | INFO     | __main__:safe_fuzz:74 - Fuzzing process started for torch
2025-08-04 02:08:54.916 | INFO     | __main__:fuzz_dataset:150 - Fuzzing torch done
2025-08-04 02:08:54.930 | INFO     | __main__:fuzz_dataset:184 - Fuzz torch.autograd.gradcheck.gradgradcheck done
2025-08-04 02:08:54.931 | INFO     | __main__:fuzz_dataset:185 - Coverage now: 116109
2025-08-04 02:08:54.954 | INFO     | __main__:fuzz_dataset:131 - Fuzz torch.nn.modules.module.register_module_forward_hook start
2025-08-04 02:08:54.961 | INFO     | __main__:safe_fuzz:74 - Fuzzing process started for torch
2025-08-04 02:08:56.851 | INFO     | __main__:fuzz_dataset:150 - Fuzzing torch done
2025-08-04 02:08:56.866 | INFO     | __main__:fuzz_dataset:184 - Fuzz torch.nn.modules.module.register_module_forward_hook done
2025-08-04 02:08:56.866 | INFO     | __main__:fuzz_dataset:185 - Coverage now: 116109
2025-08-04 02:08:56.889 | INFO     | __main__:fuzz_dataset:131 - Fuzz torch.cuda.tunable.get_results start
2025-08-04 02:08:56.895 | INFO     | __main__:safe_fuzz:74 - Fuzzing process started for torch
2025-08-04 02:08:58.727 | INFO     | __main__:fuzz_dataset:150 - Fuzzing torch done
2025-08-04 02:08:58.750 | INFO     | __main__:fuzz_dataset:184 - Fuzz torch.cuda.tunable.get_results done
2025-08-04 02:08:58.751 | INFO     | __main__:fuzz_dataset:185 - Coverage now: 116109
2025-08-04 02:08:58.774 | INFO     | __main__:fuzz_dataset:131 - Fuzz torch.fx.experimental.sym_node.sympy_is_channels_last_strides_generic start
2025-08-04 02:08:58.781 | INFO     | __main__:safe_fuzz:74 - Fuzzing process started for torch
2025-08-04 02:09:01.082 | INFO     | repfuzz.fuzz.static_instrument:wrapper:24 - Coverage increased 308, now: 116417 (F)
2025-08-04 02:09:01.084 | INFO     | repfuzz.fuzz.fuzz_api:fuzz_api:97 - Start fuzz torch.fx.experimental.sym_node.sympy_is_channels_last_strides_generic
2025-08-04 02:09:01.085 | INFO     | repfuzz.fuzz.fuzz_api:fuzz_api:130 - Coverage increased 1, now: 116418
2025-08-04 02:09:01.782 | INFO     | __main__:fuzz_dataset:150 - Fuzzing torch done
2025-08-04 02:09:01.805 | INFO     | __main__:fuzz_dataset:184 - Fuzz torch.fx.experimental.sym_node.sympy_is_channels_last_strides_generic done
2025-08-04 02:09:01.806 | INFO     | __main__:fuzz_dataset:185 - Coverage now: 116418
2025-08-04 02:09:01.829 | INFO     | __main__:fuzz_dataset:131 - Fuzz torch.ao.nn.intrinsic.qat.modules.conv_fused.freeze_bn_stats start
2025-08-04 02:09:01.836 | INFO     | __main__:safe_fuzz:74 - Fuzzing process started for torch
2025-08-04 02:09:03.820 | INFO     | __main__:fuzz_dataset:150 - Fuzzing torch done
2025-08-04 02:09:03.832 | INFO     | __main__:fuzz_dataset:184 - Fuzz torch.ao.nn.intrinsic.qat.modules.conv_fused.freeze_bn_stats done
2025-08-04 02:09:03.833 | INFO     | __main__:fuzz_dataset:185 - Coverage now: 116418
2025-08-04 02:09:03.851 | INFO     | __main__:fuzz_dataset:131 - Fuzz torch.miopen_rnn start
2025-08-04 02:09:03.857 | INFO     | __main__:safe_fuzz:74 - Fuzzing process started for torch
2025-08-04 02:09:05.667 | INFO     | __main__:fuzz_dataset:150 - Fuzzing torch done
2025-08-04 02:09:05.681 | INFO     | __main__:fuzz_dataset:184 - Fuzz torch.miopen_rnn done
2025-08-04 02:09:05.681 | INFO     | __main__:fuzz_dataset:185 - Coverage now: 116418
2025-08-04 02:09:05.705 | INFO     | __main__:fuzz_dataset:131 - Fuzz torch.frac start
2025-08-04 02:09:05.712 | INFO     | __main__:safe_fuzz:74 - Fuzzing process started for torch
2025-08-04 02:09:07.591 | INFO     | repfuzz.fuzz.fuzz_api:fuzz_api:97 - Start fuzz torch.tensor
2025-08-04 02:09:07.823 | INFO     | repfuzz.fuzz.fuzz_api:fuzz_api:97 - Start fuzz torch.frac
2025-08-04 02:09:07.825 | INFO     | repfuzz.fuzz.fuzz_api:fuzz_api:89 - torch._jit_internal.is_scripting has no arguments, execute only once.
2025-08-04 02:09:07.826 | INFO     | repfuzz.fuzz.fuzz_api:fuzz_api:89 - torch.is_grad_enabled has no arguments, execute only once.
2025-08-04 02:09:07.832 | INFO     | repfuzz.fuzz.static_instrument:wrapper:24 - Coverage increased 3, now: 116530 (F)
2025-08-04 02:09:07.833 | INFO     | repfuzz.fuzz.fuzz_api:fuzz_api:97 - Start fuzz torch.autograd.forward_ad.unpack_dual
2025-08-04 02:09:07.835 | INFO     | repfuzz.fuzz.fuzz_api:fuzz_api:89 - torch.get_default_dtype has no arguments, execute only once.
2025-08-04 02:09:07.837 | INFO     | repfuzz.fuzz.fuzz_api:fuzz_api:97 - Start fuzz torch.isfinite
2025-08-04 02:09:07.840 | INFO     | repfuzz.fuzz.fuzz_api:fuzz_api:97 - Start fuzz torch.masked_select
2025-08-04 02:09:07.847 | INFO     | repfuzz.fuzz.fuzz_api:fuzz_api:97 - Start fuzz torch.ceil
2025-08-04 02:09:59.624 | INFO     | __main__:fuzz_dataset:156 - 
Fuzzing process timeout, restarting...
2025-08-04 02:09:59.628 | INFO     | __main__:fuzz_dataset:184 - Fuzz torch.frac done
2025-08-04 02:09:59.628 | INFO     | __main__:fuzz_dataset:185 - Coverage now: 116680
2025-08-04 02:09:59.652 | INFO     | __main__:fuzz_dataset:131 - Fuzz torch.clamp_min start
2025-08-04 02:09:59.658 | INFO     | __main__:safe_fuzz:74 - Fuzzing process started for torch
2025-08-04 02:10:01.550 | INFO     | repfuzz.fuzz.fuzz_api:fuzz_api:97 - Start fuzz torch.rand
2025-08-04 02:10:11.576 | INFO     | __main__:fuzz_dataset:156 - 
Fuzzing process timeout, restarting...
2025-08-04 02:10:11.763 | INFO     | __main__:fuzz_dataset:184 - Fuzz torch.clamp_min done
2025-08-04 02:10:11.763 | INFO     | __main__:fuzz_dataset:185 - Coverage now: 116680
2025-08-04 02:10:11.780 | INFO     | __main__:fuzz_dataset:131 - Fuzz torch.nn.functional._threshold start
2025-08-04 02:10:11.785 | INFO     | __main__:safe_fuzz:74 - Fuzzing process started for torch
2025-08-04 02:10:13.631 | INFO     | repfuzz.fuzz.fuzz_api:fuzz_api:97 - Start fuzz torch.tensor
2025-08-04 02:10:13.858 | INFO     | __main__:fuzz_dataset:150 - Fuzzing torch done
2025-08-04 02:10:13.873 | INFO     | __main__:fuzz_dataset:184 - Fuzz torch.nn.functional._threshold done
2025-08-04 02:10:13.873 | INFO     | __main__:fuzz_dataset:185 - Coverage now: 116683
2025-08-04 02:10:13.890 | INFO     | __main__:fuzz_dataset:131 - Fuzz torch.utils.collect_env.run start
2025-08-04 02:10:13.896 | INFO     | __main__:safe_fuzz:74 - Fuzzing process started for torch
2025-08-04 02:10:16.861 | INFO     | repfuzz.fuzz.static_instrument:wrapper:24 - Coverage increased 2, now: 116691 (F)
2025-08-04 02:10:16.863 | INFO     | repfuzz.fuzz.fuzz_api:fuzz_api:89 - torch.utils.collect_env.get_platform has no arguments, execute only once.
2025-08-04 02:10:26.876 | INFO     | __main__:fuzz_dataset:156 - 
Fuzzing process timeout, restarting...
2025-08-04 02:10:26.879 | INFO     | __main__:fuzz_dataset:184 - Fuzz torch.utils.collect_env.run done
2025-08-04 02:10:26.880 | INFO     | __main__:fuzz_dataset:185 - Coverage now: 116693
2025-08-04 02:10:26.901 | INFO     | __main__:fuzz_dataset:131 - Fuzz torch.xpu.is_initialized start
2025-08-04 02:10:26.907 | INFO     | __main__:safe_fuzz:74 - Fuzzing process started for torch
2025-08-04 02:10:28.755 | INFO     | __main__:fuzz_dataset:150 - Fuzzing torch done
2025-08-04 02:10:28.777 | INFO     | __main__:fuzz_dataset:184 - Fuzz torch.xpu.is_initialized done
2025-08-04 02:10:28.777 | INFO     | __main__:fuzz_dataset:185 - Coverage now: 116693
2025-08-04 02:10:28.798 | INFO     | __main__:fuzz_dataset:131 - Fuzz torch.fx.node.map_aggregate start
2025-08-04 02:10:28.804 | INFO     | __main__:safe_fuzz:74 - Fuzzing process started for torch
2025-08-04 02:10:30.674 | INFO     | __main__:fuzz_dataset:150 - Fuzzing torch done
2025-08-04 02:10:30.687 | INFO     | __main__:fuzz_dataset:184 - Fuzz torch.fx.node.map_aggregate done
2025-08-04 02:10:30.688 | INFO     | __main__:fuzz_dataset:185 - Coverage now: 116693
2025-08-04 02:10:30.704 | INFO     | __main__:fuzz_dataset:131 - Fuzz torch.set_autocast_ipu_enabled start
2025-08-04 02:10:30.710 | INFO     | __main__:safe_fuzz:74 - Fuzzing process started for torch
2025-08-04 02:10:32.637 | INFO     | __main__:fuzz_dataset:150 - Fuzzing torch done
2025-08-04 02:10:32.649 | INFO     | __main__:fuzz_dataset:184 - Fuzz torch.set_autocast_ipu_enabled done
2025-08-04 02:10:32.649 | INFO     | __main__:fuzz_dataset:185 - Coverage now: 116693
2025-08-04 02:10:32.667 | INFO     | __main__:fuzz_dataset:131 - Fuzz torch.feature_dropout_ start
2025-08-04 02:10:32.672 | INFO     | __main__:safe_fuzz:74 - Fuzzing process started for torch
2025-08-04 02:10:34.584 | INFO     | repfuzz.fuzz.fuzz_api:fuzz_api:97 - Start fuzz torch.rand
2025-08-04 02:10:46.996 | INFO     | __main__:fuzz_dataset:156 - 
Fuzzing process timeout, restarting...
2025-08-04 02:10:47.186 | INFO     | __main__:fuzz_dataset:184 - Fuzz torch.feature_dropout_ done
2025-08-04 02:10:47.187 | INFO     | __main__:fuzz_dataset:185 - Coverage now: 116693
2025-08-04 02:10:47.209 | INFO     | __main__:fuzz_dataset:131 - Fuzz torch.mode start
2025-08-04 02:10:47.215 | INFO     | __main__:safe_fuzz:74 - Fuzzing process started for torch
2025-08-04 02:10:49.087 | INFO     | repfuzz.fuzz.fuzz_api:fuzz_api:97 - Start fuzz torch.zeros
2025-08-04 02:10:57.219 | INFO     | __main__:fuzz_dataset:156 - 
Fuzzing process timeout, restarting...
2025-08-04 02:10:59.289 | INFO     | __main__:fuzz_dataset:184 - Fuzz torch.mode done
2025-08-04 02:10:59.290 | INFO     | __main__:fuzz_dataset:185 - Coverage now: 116693
2025-08-04 02:10:59.310 | INFO     | __main__:fuzz_dataset:131 - Fuzz torch.ao.quantization.pt2e.export_utils._move_exported_model_to_train start
2025-08-04 02:10:59.317 | INFO     | __main__:safe_fuzz:74 - Fuzzing process started for torch
2025-08-04 02:11:01.245 | INFO     | __main__:fuzz_dataset:150 - Fuzzing torch done
2025-08-04 02:11:01.260 | INFO     | __main__:fuzz_dataset:184 - Fuzz torch.ao.quantization.pt2e.export_utils._move_exported_model_to_train done
2025-08-04 02:11:01.261 | INFO     | __main__:fuzz_dataset:185 - Coverage now: 116693
2025-08-04 02:11:01.277 | INFO     | __main__:fuzz_dataset:131 - Fuzz torch.fx.experimental.proxy_tensor.maybe_handle_decomp start
2025-08-04 02:11:01.284 | INFO     | __main__:safe_fuzz:74 - Fuzzing process started for torch
2025-08-04 02:11:03.154 | INFO     | __main__:fuzz_dataset:150 - Fuzzing torch done
2025-08-04 02:11:03.168 | INFO     | __main__:fuzz_dataset:184 - Fuzz torch.fx.experimental.proxy_tensor.maybe_handle_decomp done
2025-08-04 02:11:03.169 | INFO     | __main__:fuzz_dataset:185 - Coverage now: 116693
2025-08-04 02:11:03.189 | INFO     | __main__:fuzz_dataset:131 - Fuzz torch.argmax start
2025-08-04 02:11:03.196 | INFO     | __main__:safe_fuzz:74 - Fuzzing process started for torch
2025-08-04 02:11:05.070 | INFO     | repfuzz.fuzz.fuzz_api:fuzz_api:97 - Start fuzz torch.randn
2025-08-04 02:11:22.909 | INFO     | __main__:fuzz_dataset:156 - 
Fuzzing process timeout, restarting...
2025-08-04 02:11:23.178 | INFO     | __main__:fuzz_dataset:184 - Fuzz torch.argmax done
2025-08-04 02:11:23.179 | INFO     | __main__:fuzz_dataset:185 - Coverage now: 116693
2025-08-04 02:11:23.202 | INFO     | __main__:fuzz_dataset:131 - Fuzz torch.utils.set_module start
2025-08-04 02:11:23.208 | INFO     | __main__:safe_fuzz:74 - Fuzzing process started for torch
2025-08-04 02:11:25.056 | INFO     | repfuzz.fuzz.fuzz_api:fuzz_api:97 - Start fuzz torch.empty
2025-08-04 02:11:25.403 | INFO     | repfuzz.fuzz.static_instrument:wrapper:24 - Coverage increased 11, now: 116798 (F)
2025-08-04 02:11:25.404 | INFO     | repfuzz.fuzz.fuzz_api:fuzz_api:97 - Start fuzz torch.nn.init.calculate_gain
2025-08-04 02:11:25.406 | INFO     | repfuzz.fuzz.fuzz_api:fuzz_api:130 - Coverage increased 2, now: 116800
2025-08-04 02:11:35.422 | INFO     | __main__:fuzz_dataset:156 - 
Fuzzing process timeout, restarting...
2025-08-04 02:11:35.424 | INFO     | __main__:fuzz_dataset:184 - Fuzz torch.utils.set_module done
2025-08-04 02:11:35.424 | INFO     | __main__:fuzz_dataset:185 - Coverage now: 116800
2025-08-04 02:11:35.443 | INFO     | __main__:fuzz_dataset:131 - Fuzz torch.ao.quantization.quantization_mappings.get_embedding_static_quant_module_mappings start
2025-08-04 02:11:35.448 | INFO     | __main__:safe_fuzz:74 - Fuzzing process started for torch
2025-08-04 02:11:37.272 | INFO     | __main__:fuzz_dataset:150 - Fuzzing torch done
2025-08-04 02:11:37.289 | INFO     | __main__:fuzz_dataset:184 - Fuzz torch.ao.quantization.quantization_mappings.get_embedding_static_quant_module_mappings done
2025-08-04 02:11:37.290 | INFO     | __main__:fuzz_dataset:185 - Coverage now: 116800
2025-08-04 02:11:37.310 | INFO     | __main__:fuzz_dataset:131 - Fuzz torch.utils.backend_registration.generate_methods_for_privateuse1_backend start
2025-08-04 02:11:37.316 | INFO     | __main__:safe_fuzz:74 - Fuzzing process started for torch
2025-08-04 02:11:39.208 | INFO     | repfuzz.fuzz.static_instrument:wrapper:24 - Coverage increased 27, now: 116827 (F)
2025-08-04 02:11:39.209 | INFO     | repfuzz.fuzz.fuzz_api:fuzz_api:97 - Start fuzz torch.utils.backend_registration.generate_methods_for_privateuse1_backend
2025-08-04 02:11:39.213 | INFO     | repfuzz.fuzz.fuzz_api:fuzz_api:130 - Coverage increased 1, now: 116828
2025-08-04 02:11:39.315 | INFO     | repfuzz.fuzz.fuzz_api:fuzz_api:130 - Coverage increased 6, now: 116834
2025-08-04 02:11:39.398 | INFO     | repfuzz.fuzz.fuzz_api:fuzz_api:130 - Coverage increased 14, now: 116848
2025-08-04 02:11:40.218 | INFO     | __main__:fuzz_dataset:150 - Fuzzing torch done
2025-08-04 02:11:40.234 | INFO     | __main__:fuzz_dataset:184 - Fuzz torch.utils.backend_registration.generate_methods_for_privateuse1_backend done
2025-08-04 02:11:40.234 | INFO     | __main__:fuzz_dataset:185 - Coverage now: 116848
2025-08-04 02:11:40.255 | INFO     | __main__:fuzz_dataset:131 - Fuzz torch.nanmedian start
2025-08-04 02:11:40.262 | INFO     | __main__:safe_fuzz:74 - Fuzzing process started for torch
2025-08-04 02:11:42.111 | INFO     | repfuzz.fuzz.fuzz_api:fuzz_api:97 - Start fuzz torch.tensor
2025-08-04 02:11:42.307 | INFO     | repfuzz.fuzz.fuzz_api:fuzz_api:97 - Start fuzz torch.nanmedian
2025-08-04 02:11:42.309 | INFO     | repfuzz.fuzz.fuzz_api:fuzz_api:89 - torch._jit_internal.is_scripting has no arguments, execute only once.
2025-08-04 02:11:42.310 | INFO     | repfuzz.fuzz.fuzz_api:fuzz_api:89 - torch.is_grad_enabled has no arguments, execute only once.
2025-08-04 02:11:42.350 | INFO     | repfuzz.fuzz.fuzz_api:fuzz_api:97 - Start fuzz torch.autograd.forward_ad.unpack_dual
2025-08-04 02:11:42.352 | INFO     | repfuzz.fuzz.fuzz_api:fuzz_api:89 - torch.get_default_dtype has no arguments, execute only once.
2025-08-04 02:12:16.586 | INFO     | __main__:fuzz_dataset:156 - 
Fuzzing process timeout, restarting...
2025-08-04 02:12:16.611 | INFO     | __main__:fuzz_dataset:184 - Fuzz torch.nanmedian done
2025-08-04 02:12:16.612 | INFO     | __main__:fuzz_dataset:185 - Coverage now: 116848
2025-08-04 02:12:16.636 | INFO     | __main__:fuzz_dataset:131 - Fuzz torch.slice_inverse start
2025-08-04 02:12:16.642 | INFO     | __main__:safe_fuzz:74 - Fuzzing process started for torch
2025-08-04 02:12:18.496 | INFO     | repfuzz.fuzz.fuzz_api:fuzz_api:97 - Start fuzz torch.slice_inverse
2025-08-04 02:12:18.498 | INFO     | repfuzz.fuzz.fuzz_api:fuzz_api:89 - torch._jit_internal.is_scripting has no arguments, execute only once.
2025-08-04 02:12:18.499 | INFO     | repfuzz.fuzz.fuzz_api:fuzz_api:89 - torch.is_grad_enabled has no arguments, execute only once.
2025-08-04 02:12:18.537 | INFO     | repfuzz.fuzz.fuzz_api:fuzz_api:97 - Start fuzz torch.autograd.forward_ad.unpack_dual
2025-08-04 02:12:18.540 | INFO     | repfuzz.fuzz.fuzz_api:fuzz_api:89 - torch.get_default_dtype has no arguments, execute only once.
2025-08-04 02:12:18.542 | INFO     | repfuzz.fuzz.fuzz_api:fuzz_api:97 - Start fuzz torch.isfinite
2025-08-04 02:12:18.545 | INFO     | repfuzz.fuzz.fuzz_api:fuzz_api:97 - Start fuzz torch.masked_select
2025-08-04 02:12:18.553 | INFO     | repfuzz.fuzz.fuzz_api:fuzz_api:97 - Start fuzz torch.ceil
2025-08-04 02:12:46.278 | INFO     | __main__:fuzz_dataset:156 - 
Fuzzing process timeout, restarting...
2025-08-04 02:12:46.281 | INFO     | __main__:fuzz_dataset:184 - Fuzz torch.slice_inverse done
2025-08-04 02:12:46.282 | INFO     | __main__:fuzz_dataset:185 - Coverage now: 116848
2025-08-04 02:12:46.301 | INFO     | __main__:fuzz_dataset:131 - Fuzz torch.as_strided_ start
2025-08-04 02:12:46.307 | INFO     | __main__:safe_fuzz:74 - Fuzzing process started for torch
2025-08-04 02:12:48.264 | INFO     | repfuzz.fuzz.fuzz_api:fuzz_api:97 - Start fuzz torch.tensor
2025-08-04 02:12:48.476 | INFO     | repfuzz.fuzz.fuzz_api:fuzz_api:97 - Start fuzz torch.as_strided_
2025-08-04 02:12:48.478 | INFO     | repfuzz.fuzz.fuzz_api:fuzz_api:89 - torch._jit_internal.is_scripting has no arguments, execute only once.
2025-08-04 02:12:48.479 | INFO     | repfuzz.fuzz.fuzz_api:fuzz_api:89 - torch.is_grad_enabled has no arguments, execute only once.
2025-08-04 02:12:48.519 | INFO     | repfuzz.fuzz.fuzz_api:fuzz_api:97 - Start fuzz torch.autograd.forward_ad.unpack_dual
2025-08-04 02:12:48.521 | INFO     | repfuzz.fuzz.fuzz_api:fuzz_api:89 - torch.get_default_dtype has no arguments, execute only once.
2025-08-04 02:13:10.571 | INFO     | __main__:fuzz_dataset:156 - 
Fuzzing process timeout, restarting...
2025-08-04 02:13:10.575 | INFO     | __main__:fuzz_dataset:184 - Fuzz torch.as_strided_ done
2025-08-04 02:13:10.576 | INFO     | __main__:fuzz_dataset:185 - Coverage now: 116855
2025-08-04 02:13:10.601 | INFO     | __main__:fuzz_dataset:131 - Fuzz torch.nn.utils.parametrize.cached start
2025-08-04 02:13:10.607 | INFO     | __main__:safe_fuzz:74 - Fuzzing process started for torch
2025-08-04 02:13:12.473 | INFO     | __main__:fuzz_dataset:150 - Fuzzing torch done
2025-08-04 02:13:12.486 | INFO     | __main__:fuzz_dataset:184 - Fuzz torch.nn.utils.parametrize.cached done
2025-08-04 02:13:12.487 | INFO     | __main__:fuzz_dataset:185 - Coverage now: 116855
2025-08-04 02:13:12.510 | INFO     | __main__:fuzz_dataset:131 - Fuzz torch.utils.data.graph_settings.apply_random_seed start
2025-08-04 02:13:12.516 | INFO     | __main__:safe_fuzz:74 - Fuzzing process started for torch
2025-08-04 02:13:14.384 | INFO     | repfuzz.fuzz.static_instrument:wrapper:24 - Coverage increased 8, now: 116914 (F)
2025-08-04 02:13:14.385 | INFO     | repfuzz.fuzz.fuzz_api:fuzz_api:97 - Start fuzz torch.utils.data.graph_settings.get_all_graph_pipes
2025-08-04 02:13:15.777 | INFO     | repfuzz.fuzz.static_instrument:wrapper:24 - Coverage increased 76, now: 116931 (F)
2025-08-04 02:13:15.779 | INFO     | repfuzz.fuzz.fuzz_api:fuzz_api:97 - Start fuzz torch.utils.data.graph_settings.apply_random_seed
2025-08-04 02:13:15.780 | INFO     | repfuzz.fuzz.fuzz_api:fuzz_api:89 - torch._jit_internal.is_scripting has no arguments, execute only once.
2025-08-04 02:13:15.781 | INFO     | repfuzz.fuzz.fuzz_api:fuzz_api:89 - torch.is_grad_enabled has no arguments, execute only once.
2025-08-04 02:13:15.838 | INFO     | repfuzz.fuzz.fuzz_api:fuzz_api:130 - Coverage increased 1, now: 116933
2025-08-04 02:13:26.107 | INFO     | __main__:fuzz_dataset:156 - 
Fuzzing process timeout, restarting...
2025-08-04 02:13:26.110 | INFO     | __main__:fuzz_dataset:184 - Fuzz torch.utils.data.graph_settings.apply_random_seed done
2025-08-04 02:13:26.111 | INFO     | __main__:fuzz_dataset:185 - Coverage now: 116933
2025-08-04 02:13:26.137 | INFO     | __main__:fuzz_dataset:131 - Fuzz torch.max_pool2d start
2025-08-04 02:13:26.144 | INFO     | __main__:safe_fuzz:74 - Fuzzing process started for torch
2025-08-04 02:13:28.042 | INFO     | repfuzz.fuzz.fuzz_api:fuzz_api:97 - Start fuzz torch.randn
2025-08-04 02:13:38.055 | INFO     | __main__:fuzz_dataset:156 - 
Fuzzing process timeout, restarting...
2025-08-04 02:13:38.326 | INFO     | __main__:fuzz_dataset:184 - Fuzz torch.max_pool2d done
2025-08-04 02:13:38.327 | INFO     | __main__:fuzz_dataset:185 - Coverage now: 116933
2025-08-04 02:13:38.352 | INFO     | __main__:fuzz_dataset:131 - Fuzz torch.utils.collect_env.get_cudnn_version start
2025-08-04 02:13:38.359 | INFO     | __main__:safe_fuzz:74 - Fuzzing process started for torch
2025-08-04 02:13:40.181 | INFO     | repfuzz.fuzz.fuzz_api:fuzz_api:89 - torch.utils.collect_env.get_platform has no arguments, execute only once.
2025-08-04 02:13:40.182 | INFO     | repfuzz.fuzz.static_instrument:wrapper:24 - Coverage increased 10, now: 116943 (F)
2025-08-04 02:13:40.182 | INFO     | repfuzz.fuzz.fuzz_api:fuzz_api:97 - Start fuzz torch.utils.collect_env.get_cudnn_version
2025-08-04 02:13:40.607 | INFO     | __main__:fuzz_dataset:150 - Fuzzing torch done
2025-08-04 02:13:40.627 | INFO     | __main__:fuzz_dataset:184 - Fuzz torch.utils.collect_env.get_cudnn_version done
2025-08-04 02:13:40.628 | INFO     | __main__:fuzz_dataset:185 - Coverage now: 116943
2025-08-04 02:13:40.649 | INFO     | __main__:fuzz_dataset:131 - Fuzz torch.ao.quantization.utils.validate_qmin_qmax start
2025-08-04 02:13:40.655 | INFO     | __main__:safe_fuzz:74 - Fuzzing process started for torch
2025-08-04 02:13:42.510 | INFO     | repfuzz.fuzz.static_instrument:wrapper:24 - Coverage increased 2, now: 116945 (F)
2025-08-04 02:13:42.511 | INFO     | repfuzz.fuzz.fuzz_api:fuzz_api:97 - Start fuzz torch.ao.quantization.utils.validate_qmin_qmax
2025-08-04 02:13:42.516 | INFO     | repfuzz.fuzz.fuzz_api:fuzz_api:130 - Coverage increased 2, now: 116947
2025-08-04 02:13:43.300 | INFO     | repfuzz.fuzz.static_instrument:wrapper:24 - Coverage increased 4, now: 116947 (F)
2025-08-04 02:13:43.300 | INFO     | __main__:fuzz_dataset:150 - Fuzzing torch done
2025-08-04 02:13:43.326 | INFO     | __main__:fuzz_dataset:184 - Fuzz torch.ao.quantization.utils.validate_qmin_qmax done
2025-08-04 02:13:43.327 | INFO     | __main__:fuzz_dataset:185 - Coverage now: 116947
2025-08-04 02:13:43.348 | INFO     | __main__:fuzz_dataset:131 - Fuzz torch.cuda.profiler.init start
2025-08-04 02:13:43.355 | INFO     | __main__:safe_fuzz:74 - Fuzzing process started for torch
2025-08-04 02:13:45.227 | INFO     | __main__:fuzz_dataset:150 - Fuzzing torch done
2025-08-04 02:13:45.241 | INFO     | __main__:fuzz_dataset:184 - Fuzz torch.cuda.profiler.init done
2025-08-04 02:13:45.242 | INFO     | __main__:fuzz_dataset:185 - Coverage now: 116947
2025-08-04 02:13:45.262 | INFO     | __main__:fuzz_dataset:131 - Fuzz torch.nn.init.kaiming_uniform_ start
2025-08-04 02:13:45.268 | INFO     | __main__:safe_fuzz:74 - Fuzzing process started for torch
2025-08-04 02:13:47.115 | INFO     | repfuzz.fuzz.fuzz_api:fuzz_api:97 - Start fuzz torch.empty
2025-08-04 02:13:47.977 | INFO     | repfuzz.fuzz.static_instrument:wrapper:24 - Coverage increased 1, now: 116948 (F)
2025-08-04 02:13:47.978 | INFO     | repfuzz.fuzz.fuzz_api:fuzz_api:97 - Start fuzz torch.nn.init.calculate_gain
2025-08-04 02:13:57.987 | INFO     | __main__:fuzz_dataset:156 - 
Fuzzing process timeout, restarting...
2025-08-04 02:13:57.989 | INFO     | __main__:fuzz_dataset:184 - Fuzz torch.nn.init.kaiming_uniform_ done
2025-08-04 02:13:57.989 | INFO     | __main__:fuzz_dataset:185 - Coverage now: 116948
2025-08-04 02:13:58.008 | INFO     | __main__:fuzz_dataset:131 - Fuzz torch.backends.cudnn.set_flags start
2025-08-04 02:13:58.011 | INFO     | __main__:safe_fuzz:74 - Fuzzing process started for torch
2025-08-04 02:13:59.910 | INFO     | repfuzz.fuzz.static_instrument:wrapper:24 - Coverage increased 15, now: 116963 (F)
2025-08-04 02:13:59.911 | INFO     | repfuzz.fuzz.fuzz_api:fuzz_api:97 - Start fuzz torch.backends.cudnn.set_flags
2025-08-04 02:14:01.186 | INFO     | __main__:fuzz_dataset:150 - Fuzzing torch done
2025-08-04 02:14:01.201 | INFO     | __main__:fuzz_dataset:184 - Fuzz torch.backends.cudnn.set_flags done
2025-08-04 02:14:01.202 | INFO     | __main__:fuzz_dataset:185 - Coverage now: 116963
2025-08-04 02:14:01.222 | INFO     | __main__:fuzz_dataset:131 - Fuzz torch.as_tensor start
2025-08-04 02:14:01.228 | INFO     | __main__:safe_fuzz:74 - Fuzzing process started for torch
2025-08-04 02:14:03.159 | INFO     | repfuzz.fuzz.fuzz_api:fuzz_api:97 - Start fuzz torch.as_tensor
2025-08-04 02:14:13.175 | INFO     | __main__:fuzz_dataset:156 - 
Fuzzing process timeout, restarting...
2025-08-04 02:14:13.179 | INFO     | __main__:fuzz_dataset:184 - Fuzz torch.as_tensor done
2025-08-04 02:14:13.180 | INFO     | __main__:fuzz_dataset:185 - Coverage now: 116963
2025-08-04 02:14:13.200 | INFO     | __main__:fuzz_dataset:131 - Fuzz torch.autograd.functional.jacobian start
2025-08-04 02:14:13.206 | INFO     | __main__:safe_fuzz:74 - Fuzzing process started for torch
2025-08-04 02:14:15.095 | INFO     | repfuzz.fuzz.fuzz_api:fuzz_api:97 - Start fuzz torch.rand
2025-08-04 02:14:23.211 | INFO     | __main__:fuzz_dataset:156 - 
Fuzzing process timeout, restarting...
2025-08-04 02:14:23.382 | INFO     | __main__:fuzz_dataset:184 - Fuzz torch.autograd.functional.jacobian done
2025-08-04 02:14:23.383 | INFO     | __main__:fuzz_dataset:185 - Coverage now: 116963
2025-08-04 02:14:23.403 | INFO     | __main__:fuzz_dataset:131 - Fuzz torch.orgqr start
2025-08-04 02:14:23.410 | INFO     | __main__:safe_fuzz:74 - Fuzzing process started for torch
2025-08-04 02:14:25.282 | INFO     | __main__:fuzz_dataset:150 - Fuzzing torch done
2025-08-04 02:14:25.296 | INFO     | __main__:fuzz_dataset:184 - Fuzz torch.orgqr done
2025-08-04 02:14:25.297 | INFO     | __main__:fuzz_dataset:185 - Coverage now: 116963
2025-08-04 02:14:25.316 | INFO     | __main__:fuzz_dataset:131 - Fuzz torch.fx.experimental.proxy_tensor.thunkify start
2025-08-04 02:14:25.323 | INFO     | __main__:safe_fuzz:74 - Fuzzing process started for torch
2025-08-04 02:14:27.210 | INFO     | __main__:fuzz_dataset:150 - Fuzzing torch done
2025-08-04 02:14:27.225 | INFO     | __main__:fuzz_dataset:184 - Fuzz torch.fx.experimental.proxy_tensor.thunkify done
2025-08-04 02:14:27.225 | INFO     | __main__:fuzz_dataset:185 - Coverage now: 116963
2025-08-04 02:14:27.251 | INFO     | __main__:fuzz_dataset:131 - Fuzz torch.jit.export_opnames start
2025-08-04 02:14:27.257 | INFO     | __main__:safe_fuzz:74 - Fuzzing process started for torch
2025-08-04 02:14:29.098 | INFO     | repfuzz.fuzz.fuzz_api:fuzz_api:97 - Start fuzz torch.empty
2025-08-04 02:14:29.462 | INFO     | repfuzz.fuzz.fuzz_api:fuzz_api:97 - Start fuzz torch.nn.init.calculate_gain
2025-08-04 02:14:39.467 | INFO     | __main__:fuzz_dataset:156 - 
Fuzzing process timeout, restarting...
2025-08-04 02:14:39.471 | INFO     | __main__:fuzz_dataset:184 - Fuzz torch.jit.export_opnames done
2025-08-04 02:14:39.472 | INFO     | __main__:fuzz_dataset:185 - Coverage now: 116963
2025-08-04 02:14:39.498 | INFO     | __main__:fuzz_dataset:131 - Fuzz torch.bitwise_left_shift start
2025-08-04 02:14:39.504 | INFO     | __main__:safe_fuzz:74 - Fuzzing process started for torch
2025-08-04 02:14:41.404 | INFO     | repfuzz.fuzz.fuzz_api:fuzz_api:97 - Start fuzz torch.tensor
2025-08-04 02:14:42.046 | INFO     | repfuzz.fuzz.fuzz_api:fuzz_api:97 - Start fuzz torch.bitwise_left_shift
2025-08-04 02:14:42.048 | INFO     | repfuzz.fuzz.fuzz_api:fuzz_api:89 - torch._jit_internal.is_scripting has no arguments, execute only once.
2025-08-04 02:14:42.049 | INFO     | repfuzz.fuzz.fuzz_api:fuzz_api:89 - torch.is_grad_enabled has no arguments, execute only once.
2025-08-04 02:14:42.056 | INFO     | repfuzz.fuzz.fuzz_api:fuzz_api:97 - Start fuzz torch.autograd.forward_ad.unpack_dual
2025-08-04 02:14:42.059 | INFO     | repfuzz.fuzz.fuzz_api:fuzz_api:89 - torch.get_default_dtype has no arguments, execute only once.
2025-08-04 02:14:58.865 | INFO     | __main__:fuzz_dataset:156 - 
Fuzzing process timeout, restarting...
2025-08-04 02:14:58.866 | INFO     | __main__:fuzz_dataset:184 - Fuzz torch.bitwise_left_shift done
2025-08-04 02:14:58.866 | INFO     | __main__:fuzz_dataset:185 - Coverage now: 116968
2025-08-04 02:14:58.890 | INFO     | __main__:fuzz_dataset:131 - Fuzz torch.not_equal start
2025-08-04 02:14:58.896 | INFO     | __main__:safe_fuzz:74 - Fuzzing process started for torch
2025-08-04 02:15:00.831 | INFO     | repfuzz.fuzz.fuzz_api:fuzz_api:97 - Start fuzz torch.tensor
2025-08-04 02:15:01.059 | INFO     | repfuzz.fuzz.fuzz_api:fuzz_api:97 - Start fuzz torch.not_equal
2025-08-04 02:15:01.061 | INFO     | repfuzz.fuzz.fuzz_api:fuzz_api:89 - torch._jit_internal.is_scripting has no arguments, execute only once.
2025-08-04 02:15:01.062 | INFO     | repfuzz.fuzz.fuzz_api:fuzz_api:89 - torch.is_grad_enabled has no arguments, execute only once.
2025-08-04 02:15:01.071 | INFO     | repfuzz.fuzz.fuzz_api:fuzz_api:97 - Start fuzz torch.autograd.forward_ad.unpack_dual
2025-08-04 02:15:01.074 | INFO     | repfuzz.fuzz.fuzz_api:fuzz_api:89 - torch.get_default_dtype has no arguments, execute only once.
2025-08-04 02:15:25.867 | INFO     | __main__:fuzz_dataset:156 - 
Fuzzing process timeout, restarting...
2025-08-04 02:15:25.871 | INFO     | __main__:fuzz_dataset:184 - Fuzz torch.not_equal done
2025-08-04 02:15:25.871 | INFO     | __main__:fuzz_dataset:185 - Coverage now: 116968
2025-08-04 02:15:25.892 | INFO     | __main__:fuzz_dataset:131 - Fuzz torch.lcm start
2025-08-04 02:15:25.898 | INFO     | __main__:safe_fuzz:74 - Fuzzing process started for torch
2025-08-04 02:15:27.781 | INFO     | repfuzz.fuzz.fuzz_api:fuzz_api:97 - Start fuzz torch.tensor
2025-08-04 02:15:28.011 | INFO     | repfuzz.fuzz.fuzz_api:fuzz_api:97 - Start fuzz torch.lcm
2025-08-04 02:15:28.013 | INFO     | repfuzz.fuzz.fuzz_api:fuzz_api:89 - torch._jit_internal.is_scripting has no arguments, execute only once.
2025-08-04 02:15:28.015 | INFO     | repfuzz.fuzz.fuzz_api:fuzz_api:89 - torch.is_grad_enabled has no arguments, execute only once.
2025-08-04 02:15:28.022 | INFO     | repfuzz.fuzz.fuzz_api:fuzz_api:97 - Start fuzz torch.autograd.forward_ad.unpack_dual
2025-08-04 02:15:28.024 | INFO     | repfuzz.fuzz.fuzz_api:fuzz_api:89 - torch.get_default_dtype has no arguments, execute only once.
2025-08-04 02:15:54.259 | INFO     | __main__:fuzz_dataset:156 - 
Fuzzing process timeout, restarting...
2025-08-04 02:15:54.262 | INFO     | __main__:fuzz_dataset:184 - Fuzz torch.lcm done
2025-08-04 02:15:54.263 | INFO     | __main__:fuzz_dataset:185 - Coverage now: 116968
2025-08-04 02:15:54.286 | INFO     | __main__:fuzz_dataset:131 - Fuzz torch.cuda.memory.memory_summary start
2025-08-04 02:15:54.292 | INFO     | __main__:safe_fuzz:74 - Fuzzing process started for torch
2025-08-04 02:15:56.134 | INFO     | __main__:fuzz_dataset:150 - Fuzzing torch done
2025-08-04 02:15:56.157 | INFO     | __main__:fuzz_dataset:184 - Fuzz torch.cuda.memory.memory_summary done
2025-08-04 02:15:56.158 | INFO     | __main__:fuzz_dataset:185 - Coverage now: 116968
2025-08-04 02:15:56.183 | INFO     | __main__:fuzz_dataset:131 - Fuzz torch.serialization.validate_hpu_device start
2025-08-04 02:15:56.189 | INFO     | __main__:safe_fuzz:74 - Fuzzing process started for torch
2025-08-04 02:15:58.191 | INFO     | __main__:fuzz_dataset:150 - Fuzzing torch done
2025-08-04 02:15:58.206 | INFO     | __main__:fuzz_dataset:184 - Fuzz torch.serialization.validate_hpu_device done
2025-08-04 02:15:58.207 | INFO     | __main__:fuzz_dataset:185 - Coverage now: 116968
2025-08-04 02:15:58.230 | INFO     | __main__:fuzz_dataset:131 - Fuzz torch.nn.modules.module.register_module_buffer_registration_hook start
2025-08-04 02:15:58.237 | INFO     | __main__:safe_fuzz:74 - Fuzzing process started for torch
2025-08-04 02:16:00.061 | INFO     | repfuzz.fuzz.static_instrument:wrapper:24 - Coverage increased 8, now: 116976 (F)
2025-08-04 02:16:00.071 | INFO     | repfuzz.fuzz.fuzz_api:fuzz_api:97 - Start fuzz torch.nn.modules.module.register_module_buffer_registration_hook
2025-08-04 02:16:00.315 | INFO     | __main__:fuzz_dataset:150 - Fuzzing torch done
2025-08-04 02:16:00.333 | INFO     | __main__:fuzz_dataset:184 - Fuzz torch.nn.modules.module.register_module_buffer_registration_hook done
2025-08-04 02:16:00.334 | INFO     | __main__:fuzz_dataset:185 - Coverage now: 116976
2025-08-04 02:16:00.335 | INFO     | __main__:fuzz_dataset:187 - final total coverage: 116976
